[2019-06-04 11:54:26] local.ERROR: Class '\App\User' not found {"exception":"[object] (Symfony\\Component\\Debug\\Exception\\FatalThrowableError(code: 0): Class '\\App\\User' not found at E:\\Workspace\\Laravel\\Picket\\vendor\\laravel\\framework\\src\\Illuminate\\Auth\\EloquentUserProvider.php:170)
[stacktrace]
#0 E:\\Workspace\\Laravel\\Picket\\vendor\\laravel\\framework\\src\\Illuminate\\Auth\\EloquentUserProvider.php(157): Illuminate\\Auth\\EloquentUserProvider->createModel()
#1 E:\\Workspace\\Laravel\\Picket\\vendor\\laravel\\framework\\src\\Illuminate\\Auth\\EloquentUserProvider.php(117): Illuminate\\Auth\\EloquentUserProvider->newModelQuery()
#2 E:\\Workspace\\Laravel\\Picket\\vendor\\tymon\\jwt-auth\\src\\JWTGuard.php(121): Illuminate\\Auth\\EloquentUserProvider->retrieveByCredentials(Array)
#3 E:\\Workspace\\Laravel\\Picket\\vendor\\laravel\\framework\\src\\Illuminate\\Auth\\AuthManager.php(297): Tymon\\JWTAuth\\JWTGuard->attempt(Array)
#4 E:\\Workspace\\Laravel\\Picket\\app\\Http\\Controllers\\JWTAuthController.php(30): Illuminate\\Auth\\AuthManager->__call('attempt', Array)
#5 [internal function]: App\\Http\\Controllers\\JWTAuthController->login()
#6 E:\\Workspace\\Laravel\\Picket\\vendor\\laravel\\framework\\src\\Illuminate\\Routing\\Controller.php(54): call_user_func_array(Array, Array)
#7 E:\\Workspace\\Laravel\\Picket\\vendor\\laravel\\framework\\src\\Illuminate\\Routing\\ControllerDispatcher.php(45): Illuminate\\Routing\\Controller->callAction('login', Array)
#8 E:\\Workspace\\Laravel\\Picket\\vendor\\laravel\\framework\\src\\Illuminate\\Routing\\Route.php(219): Illuminate\\Routing\\ControllerDispatcher->dispatch(Object(Illuminate\\Routing\\Route), Object(App\\Http\\Controllers\\JWTAuthController), 'login')
#9 E:\\Workspace\\Laravel\\Picket\\vendor\\laravel\\framework\\src\\Illuminate\\Routing\\Route.php(176): Illuminate\\Routing\\Route->runController()
#10 E:\\Workspace\\Laravel\\Picket\\vendor\\laravel\\framework\\src\\Illuminate\\Routing\\Router.php(680): Illuminate\\Routing\\Route->run()
#11 E:\\Workspace\\Laravel\\Picket\\vendor\\laravel\\framework\\src\\Illuminate\\Routing\\Pipeline.php(30): Illuminate\\Routing\\Router->Illuminate\\Routing\\{closure}(Object(Illuminate\\Http\\Request))
#12 E:\\Workspace\\Laravel\\Picket\\vendor\\laravel\\framework\\src\\Illuminate\\Routing\\Middleware\\SubstituteBindings.php(41): Illuminate\\Routing\\Pipeline->Illuminate\\Routing\\{closure}(Object(Illuminate\\Http\\Request))
#13 E:\\Workspace\\Laravel\\Picket\\vendor\\laravel\\framework\\src\\Illuminate\\Pipeline\\Pipeline.php(163): Illuminate\\Routing\\Middleware\\SubstituteBindings->handle(Object(Illuminate\\Http\\Request), Object(Closure))
#14 E:\\Workspace\\Laravel\\Picket\\vendor\\laravel\\framework\\src\\Illuminate\\Routing\\Pipeline.php(53): Illuminate\\Pipeline\\Pipeline->Illuminate\\Pipeline\\{closure}(Object(Illuminate\\Http\\Request))
#15 E:\\Workspace\\Laravel\\Picket\\vendor\\laravel\\framework\\src\\Illuminate\\Routing\\Middleware\\ThrottleRequests.php(58): Illuminate\\Routing\\Pipeline->Illuminate\\Routing\\{closure}(Object(Illuminate\\Http\\Request))
#16 E:\\Workspace\\Laravel\\Picket\\vendor\\laravel\\framework\\src\\Illuminate\\Pipeline\\Pipeline.php(163): Illuminate\\Routing\\Middleware\\ThrottleRequests->handle(Object(Illuminate\\Http\\Request), Object(Closure), 60, '1')
#17 E:\\Workspace\\Laravel\\Picket\\vendor\\laravel\\framework\\src\\Illuminate\\Routing\\Pipeline.php(53): Illuminate\\Pipeline\\Pipeline->Illuminate\\Pipeline\\{closure}(Object(Illuminate\\Http\\Request))
#18 E:\\Workspace\\Laravel\\Picket\\vendor\\laravel\\framework\\src\\Illuminate\\Pipeline\\Pipeline.php(104): Illuminate\\Routing\\Pipeline->Illuminate\\Routing\\{closure}(Object(Illuminate\\Http\\Request))
#19 E:\\Workspace\\Laravel\\Picket\\vendor\\laravel\\framework\\src\\Illuminate\\Routing\\Router.php(682): Illuminate\\Pipeline\\Pipeline->then(Object(Closure))
#20 E:\\Workspace\\Laravel\\Picket\\vendor\\laravel\\framework\\src\\Illuminate\\Routing\\Router.php(657): Illuminate\\Routing\\Router->runRouteWithinStack(Object(Illuminate\\Routing\\Route), Object(Illuminate\\Http\\Request))
#21 E:\\Workspace\\Laravel\\Picket\\vendor\\laravel\\framework\\src\\Illuminate\\Routing\\Router.php(623): Illuminate\\Routing\\Router->runRoute(Object(Illuminate\\Http\\Request), Object(Illuminate\\Routing\\Route))
#22 E:\\Workspace\\Laravel\\Picket\\vendor\\laravel\\framework\\src\\Illuminate\\Routing\\Router.php(612): Illuminate\\Routing\\Router->dispatchToRoute(Object(Illuminate\\Http\\Request))
#23 E:\\Workspace\\Laravel\\Picket\\vendor\\laravel\\framework\\src\\Illuminate\\Foundation\\Http\\Kernel.php(176): Illuminate\\Routing\\Router->dispatch(Object(Illuminate\\Http\\Request))
#24 E:\\Workspace\\Laravel\\Picket\\vendor\\laravel\\framework\\src\\Illuminate\\Routing\\Pipeline.php(30): Illuminate\\Foundation\\Http\\Kernel->Illuminate\\Foundation\\Http\\{closure}(Object(Illuminate\\Http\\Request))
#25 E:\\Workspace\\Laravel\\Picket\\vendor\\laravel\\framework\\src\\Illuminate\\View\\Middleware\\ShareErrorsFromSession.php(49): Illuminate\\Routing\\Pipeline->Illuminate\\Routing\\{closure}(Object(Illuminate\\Http\\Request))
#26 E:\\Workspace\\Laravel\\Picket\\vendor\\laravel\\framework\\src\\Illuminate\\Pipeline\\Pipeline.php(163): Illuminate\\View\\Middleware\\ShareErrorsFromSession->handle(Object(Illuminate\\Http\\Request), Object(Closure))
#27 E:\\Workspace\\Laravel\\Picket\\vendor\\laravel\\framework\\src\\Illuminate\\Routing\\Pipeline.php(53): Illuminate\\Pipeline\\Pipeline->Illuminate\\Pipeline\\{closure}(Object(Illuminate\\Http\\Request))
#28 E:\\Workspace\\Laravel\\Picket\\vendor\\laravel\\framework\\src\\Illuminate\\Session\\Middleware\\StartSession.php(56): Illuminate\\Routing\\Pipeline->Illuminate\\Routing\\{closure}(Object(Illuminate\\Http\\Request))
#29 E:\\Workspace\\Laravel\\Picket\\vendor\\laravel\\framework\\src\\Illuminate\\Pipeline\\Pipeline.php(163): Illuminate\\Session\\Middleware\\StartSession->handle(Object(Illuminate\\Http\\Request), Object(Closure))
#30 E:\\Workspace\\Laravel\\Picket\\vendor\\laravel\\framework\\src\\Illuminate\\Routing\\Pipeline.php(53): Illuminate\\Pipeline\\Pipeline->Illuminate\\Pipeline\\{closure}(Object(Illuminate\\Http\\Request))
#31 E:\\Workspace\\Laravel\\Picket\\vendor\\fideloper\\proxy\\src\\TrustProxies.php(57): Illuminate\\Routing\\Pipeline->Illuminate\\Routing\\{closure}(Object(Illuminate\\Http\\Request))
#32 E:\\Workspace\\Laravel\\Picket\\vendor\\laravel\\framework\\src\\Illuminate\\Pipeline\\Pipeline.php(163): Fideloper\\Proxy\\TrustProxies->handle(Object(Illuminate\\Http\\Request), Object(Closure))
#33 E:\\Workspace\\Laravel\\Picket\\vendor\\laravel\\framework\\src\\Illuminate\\Routing\\Pipeline.php(53): Illuminate\\Pipeline\\Pipeline->Illuminate\\Pipeline\\{closure}(Object(Illuminate\\Http\\Request))
#34 E:\\Workspace\\Laravel\\Picket\\vendor\\laravel\\framework\\src\\Illuminate\\Foundation\\Http\\Middleware\\TransformsRequest.php(21): Illuminate\\Routing\\Pipeline->Illuminate\\Routing\\{closure}(Object(Illuminate\\Http\\Request))
#35 E:\\Workspace\\Laravel\\Picket\\vendor\\laravel\\framework\\src\\Illuminate\\Pipeline\\Pipeline.php(163): Illuminate\\Foundation\\Http\\Middleware\\TransformsRequest->handle(Object(Illuminate\\Http\\Request), Object(Closure))
#36 E:\\Workspace\\Laravel\\Picket\\vendor\\laravel\\framework\\src\\Illuminate\\Routing\\Pipeline.php(53): Illuminate\\Pipeline\\Pipeline->Illuminate\\Pipeline\\{closure}(Object(Illuminate\\Http\\Request))
#37 E:\\Workspace\\Laravel\\Picket\\vendor\\laravel\\framework\\src\\Illuminate\\Foundation\\Http\\Middleware\\TransformsRequest.php(21): Illuminate\\Routing\\Pipeline->Illuminate\\Routing\\{closure}(Object(Illuminate\\Http\\Request))
#38 E:\\Workspace\\Laravel\\Picket\\vendor\\laravel\\framework\\src\\Illuminate\\Pipeline\\Pipeline.php(163): Illuminate\\Foundation\\Http\\Middleware\\TransformsRequest->handle(Object(Illuminate\\Http\\Request), Object(Closure))
#39 E:\\Workspace\\Laravel\\Picket\\vendor\\laravel\\framework\\src\\Illuminate\\Routing\\Pipeline.php(53): Illuminate\\Pipeline\\Pipeline->Illuminate\\Pipeline\\{closure}(Object(Illuminate\\Http\\Request))
#40 E:\\Workspace\\Laravel\\Picket\\vendor\\laravel\\framework\\src\\Illuminate\\Foundation\\Http\\Middleware\\ValidatePostSize.php(27): Illuminate\\Routing\\Pipeline->Illuminate\\Routing\\{closure}(Object(Illuminate\\Http\\Request))
#41 E:\\Workspace\\Laravel\\Picket\\vendor\\laravel\\framework\\src\\Illuminate\\Pipeline\\Pipeline.php(163): Illuminate\\Foundation\\Http\\Middleware\\ValidatePostSize->handle(Object(Illuminate\\Http\\Request), Object(Closure))
#42 E:\\Workspace\\Laravel\\Picket\\vendor\\laravel\\framework\\src\\Illuminate\\Routing\\Pipeline.php(53): Illuminate\\Pipeline\\Pipeline->Illuminate\\Pipeline\\{closure}(Object(Illuminate\\Http\\Request))
#43 E:\\Workspace\\Laravel\\Picket\\vendor\\laravel\\framework\\src\\Illuminate\\Foundation\\Http\\Middleware\\CheckForMaintenanceMode.php(62): Illuminate\\Routing\\Pipeline->Illuminate\\Routing\\{closure}(Object(Illuminate\\Http\\Request))
#44 E:\\Workspace\\Laravel\\Picket\\vendor\\laravel\\framework\\src\\Illuminate\\Pipeline\\Pipeline.php(163): Illuminate\\Foundation\\Http\\Middleware\\CheckForMaintenanceMode->handle(Object(Illuminate\\Http\\Request), Object(Closure))
#45 E:\\Workspace\\Laravel\\Picket\\vendor\\laravel\\framework\\src\\Illuminate\\Routing\\Pipeline.php(53): Illuminate\\Pipeline\\Pipeline->Illuminate\\Pipeline\\{closure}(Object(Illuminate\\Http\\Request))
#46 E:\\Workspace\\Laravel\\Picket\\vendor\\laravel\\framework\\src\\Illuminate\\Pipeline\\Pipeline.php(104): Illuminate\\Routing\\Pipeline->Illuminate\\Routing\\{closure}(Object(Illuminate\\Http\\Request))
#47 E:\\Workspace\\Laravel\\Picket\\vendor\\laravel\\framework\\src\\Illuminate\\Foundation\\Http\\Kernel.php(151): Illuminate\\Pipeline\\Pipeline->then(Object(Closure))
#48 E:\\Workspace\\Laravel\\Picket\\vendor\\laravel\\framework\\src\\Illuminate\\Foundation\\Http\\Kernel.php(116): Illuminate\\Foundation\\Http\\Kernel->sendRequestThroughRouter(Object(Illuminate\\Http\\Request))
#49 E:\\Workspace\\Laravel\\Picket\\public\\index.php(55): Illuminate\\Foundation\\Http\\Kernel->handle(Object(Illuminate\\Http\\Request))
#50 E:\\Workspace\\Laravel\\Picket\\server.php(17): require_once('E:\\\\Workspace\\\\La...')
#51 {main}
"} 
[2019-06-04 11:57:07] local.ERROR: JWT does not contain the required claims {"exception":"[object] (Tymon\\JWTAuth\\Exceptions\\TokenInvalidException(code: 0): JWT does not contain the required claims at E:\\Workspace\\Laravel\\Picket\\vendor\\tymon\\jwt-auth\\src\\Validators\\Validator.php:38)
[stacktrace]
#0 E:\\Workspace\\Laravel\\Picket\\vendor\\tymon\\jwt-auth\\src\\Validators\\PayloadValidator.php(38): Tymon\\JWTAuth\\Validators\\Validator::throwFailed('JWT does not co...')
#1 E:\\Workspace\\Laravel\\Picket\\vendor\\tymon\\jwt-auth\\src\\Factory.php(43): Tymon\\JWTAuth\\Validators\\PayloadValidator::check(Object(Tymon\\JWTAuth\\Claims\\Collection), Object(Tymon\\JWTAuth\\Options))
#2 E:\\Workspace\\Laravel\\Picket\\vendor\\tymon\\jwt-auth\\src\\Builder.php(98): Tymon\\JWTAuth\\Factory::make(Object(Tymon\\JWTAuth\\Claims\\Collection), Object(Tymon\\JWTAuth\\Options))
#3 E:\\Workspace\\Laravel\\Picket\\vendor\\tymon\\jwt-auth\\src\\Builder.php(107): Tymon\\JWTAuth\\Builder->make(Array)
#4 E:\\Workspace\\Laravel\\Picket\\vendor\\tymon\\jwt-auth\\src\\Manager.php(124): Tymon\\JWTAuth\\Builder->makeForSubject(Object(App\\Model\\User), Array)
#5 E:\\Workspace\\Laravel\\Picket\\vendor\\tymon\\jwt-auth\\src\\JWT.php(72): Tymon\\JWTAuth\\Manager->tokenForSubject(Object(App\\Model\\User), Array)
#6 E:\\Workspace\\Laravel\\Picket\\vendor\\tymon\\jwt-auth\\src\\JWT.php(80): Tymon\\JWTAuth\\JWT->fromSubject(Object(App\\Model\\User))
#7 E:\\Workspace\\Laravel\\Picket\\vendor\\tymon\\jwt-auth\\src\\JWTGuard.php(137): Tymon\\JWTAuth\\JWT->fromUser(Object(App\\Model\\User))
#8 E:\\Workspace\\Laravel\\Picket\\vendor\\tymon\\jwt-auth\\src\\JWTGuard.php(124): Tymon\\JWTAuth\\JWTGuard->login(Object(App\\Model\\User))
#9 E:\\Workspace\\Laravel\\Picket\\vendor\\laravel\\framework\\src\\Illuminate\\Auth\\AuthManager.php(297): Tymon\\JWTAuth\\JWTGuard->attempt(Array)
#10 E:\\Workspace\\Laravel\\Picket\\app\\Http\\Controllers\\JWTAuthController.php(30): Illuminate\\Auth\\AuthManager->__call('attempt', Array)
#11 [internal function]: App\\Http\\Controllers\\JWTAuthController->login()
#12 E:\\Workspace\\Laravel\\Picket\\vendor\\laravel\\framework\\src\\Illuminate\\Routing\\Controller.php(54): call_user_func_array(Array, Array)
#13 E:\\Workspace\\Laravel\\Picket\\vendor\\laravel\\framework\\src\\Illuminate\\Routing\\ControllerDispatcher.php(45): Illuminate\\Routing\\Controller->callAction('login', Array)
#14 E:\\Workspace\\Laravel\\Picket\\vendor\\laravel\\framework\\src\\Illuminate\\Routing\\Route.php(219): Illuminate\\Routing\\ControllerDispatcher->dispatch(Object(Illuminate\\Routing\\Route), Object(App\\Http\\Controllers\\JWTAuthController), 'login')
#15 E:\\Workspace\\Laravel\\Picket\\vendor\\laravel\\framework\\src\\Illuminate\\Routing\\Route.php(176): Illuminate\\Routing\\Route->runController()
#16 E:\\Workspace\\Laravel\\Picket\\vendor\\laravel\\framework\\src\\Illuminate\\Routing\\Router.php(680): Illuminate\\Routing\\Route->run()
#17 E:\\Workspace\\Laravel\\Picket\\vendor\\laravel\\framework\\src\\Illuminate\\Routing\\Pipeline.php(30): Illuminate\\Routing\\Router->Illuminate\\Routing\\{closure}(Object(Illuminate\\Http\\Request))
#18 E:\\Workspace\\Laravel\\Picket\\vendor\\laravel\\framework\\src\\Illuminate\\Routing\\Middleware\\SubstituteBindings.php(41): Illuminate\\Routing\\Pipeline->Illuminate\\Routing\\{closure}(Object(Illuminate\\Http\\Request))
#19 E:\\Workspace\\Laravel\\Picket\\vendor\\laravel\\framework\\src\\Illuminate\\Pipeline\\Pipeline.php(163): Illuminate\\Routing\\Middleware\\SubstituteBindings->handle(Object(Illuminate\\Http\\Request), Object(Closure))
#20 E:\\Workspace\\Laravel\\Picket\\vendor\\laravel\\framework\\src\\Illuminate\\Routing\\Pipeline.php(53): Illuminate\\Pipeline\\Pipeline->Illuminate\\Pipeline\\{closure}(Object(Illuminate\\Http\\Request))
#21 E:\\Workspace\\Laravel\\Picket\\vendor\\laravel\\framework\\src\\Illuminate\\Routing\\Middleware\\ThrottleRequests.php(58): Illuminate\\Routing\\Pipeline->Illuminate\\Routing\\{closure}(Object(Illuminate\\Http\\Request))
#22 E:\\Workspace\\Laravel\\Picket\\vendor\\laravel\\framework\\src\\Illuminate\\Pipeline\\Pipeline.php(163): Illuminate\\Routing\\Middleware\\ThrottleRequests->handle(Object(Illuminate\\Http\\Request), Object(Closure), 60, '1')
#23 E:\\Workspace\\Laravel\\Picket\\vendor\\laravel\\framework\\src\\Illuminate\\Routing\\Pipeline.php(53): Illuminate\\Pipeline\\Pipeline->Illuminate\\Pipeline\\{closure}(Object(Illuminate\\Http\\Request))
#24 E:\\Workspace\\Laravel\\Picket\\vendor\\laravel\\framework\\src\\Illuminate\\Pipeline\\Pipeline.php(104): Illuminate\\Routing\\Pipeline->Illuminate\\Routing\\{closure}(Object(Illuminate\\Http\\Request))
#25 E:\\Workspace\\Laravel\\Picket\\vendor\\laravel\\framework\\src\\Illuminate\\Routing\\Router.php(682): Illuminate\\Pipeline\\Pipeline->then(Object(Closure))
#26 E:\\Workspace\\Laravel\\Picket\\vendor\\laravel\\framework\\src\\Illuminate\\Routing\\Router.php(657): Illuminate\\Routing\\Router->runRouteWithinStack(Object(Illuminate\\Routing\\Route), Object(Illuminate\\Http\\Request))
#27 E:\\Workspace\\Laravel\\Picket\\vendor\\laravel\\framework\\src\\Illuminate\\Routing\\Router.php(623): Illuminate\\Routing\\Router->runRoute(Object(Illuminate\\Http\\Request), Object(Illuminate\\Routing\\Route))
#28 E:\\Workspace\\Laravel\\Picket\\vendor\\laravel\\framework\\src\\Illuminate\\Routing\\Router.php(612): Illuminate\\Routing\\Router->dispatchToRoute(Object(Illuminate\\Http\\Request))
#29 E:\\Workspace\\Laravel\\Picket\\vendor\\laravel\\framework\\src\\Illuminate\\Foundation\\Http\\Kernel.php(176): Illuminate\\Routing\\Router->dispatch(Object(Illuminate\\Http\\Request))
#30 E:\\Workspace\\Laravel\\Picket\\vendor\\laravel\\framework\\src\\Illuminate\\Routing\\Pipeline.php(30): Illuminate\\Foundation\\Http\\Kernel->Illuminate\\Foundation\\Http\\{closure}(Object(Illuminate\\Http\\Request))
#31 E:\\Workspace\\Laravel\\Picket\\vendor\\laravel\\framework\\src\\Illuminate\\View\\Middleware\\ShareErrorsFromSession.php(49): Illuminate\\Routing\\Pipeline->Illuminate\\Routing\\{closure}(Object(Illuminate\\Http\\Request))
#32 E:\\Workspace\\Laravel\\Picket\\vendor\\laravel\\framework\\src\\Illuminate\\Pipeline\\Pipeline.php(163): Illuminate\\View\\Middleware\\ShareErrorsFromSession->handle(Object(Illuminate\\Http\\Request), Object(Closure))
#33 E:\\Workspace\\Laravel\\Picket\\vendor\\laravel\\framework\\src\\Illuminate\\Routing\\Pipeline.php(53): Illuminate\\Pipeline\\Pipeline->Illuminate\\Pipeline\\{closure}(Object(Illuminate\\Http\\Request))
#34 E:\\Workspace\\Laravel\\Picket\\vendor\\laravel\\framework\\src\\Illuminate\\Session\\Middleware\\StartSession.php(56): Illuminate\\Routing\\Pipeline->Illuminate\\Routing\\{closure}(Object(Illuminate\\Http\\Request))
#35 E:\\Workspace\\Laravel\\Picket\\vendor\\laravel\\framework\\src\\Illuminate\\Pipeline\\Pipeline.php(163): Illuminate\\Session\\Middleware\\StartSession->handle(Object(Illuminate\\Http\\Request), Object(Closure))
#36 E:\\Workspace\\Laravel\\Picket\\vendor\\laravel\\framework\\src\\Illuminate\\Routing\\Pipeline.php(53): Illuminate\\Pipeline\\Pipeline->Illuminate\\Pipeline\\{closure}(Object(Illuminate\\Http\\Request))
#37 E:\\Workspace\\Laravel\\Picket\\vendor\\fideloper\\proxy\\src\\TrustProxies.php(57): Illuminate\\Routing\\Pipeline->Illuminate\\Routing\\{closure}(Object(Illuminate\\Http\\Request))
#38 E:\\Workspace\\Laravel\\Picket\\vendor\\laravel\\framework\\src\\Illuminate\\Pipeline\\Pipeline.php(163): Fideloper\\Proxy\\TrustProxies->handle(Object(Illuminate\\Http\\Request), Object(Closure))
#39 E:\\Workspace\\Laravel\\Picket\\vendor\\laravel\\framework\\src\\Illuminate\\Routing\\Pipeline.php(53): Illuminate\\Pipeline\\Pipeline->Illuminate\\Pipeline\\{closure}(Object(Illuminate\\Http\\Request))
#40 E:\\Workspace\\Laravel\\Picket\\vendor\\laravel\\framework\\src\\Illuminate\\Foundation\\Http\\Middleware\\TransformsRequest.php(21): Illuminate\\Routing\\Pipeline->Illuminate\\Routing\\{closure}(Object(Illuminate\\Http\\Request))
#41 E:\\Workspace\\Laravel\\Picket\\vendor\\laravel\\framework\\src\\Illuminate\\Pipeline\\Pipeline.php(163): Illuminate\\Foundation\\Http\\Middleware\\TransformsRequest->handle(Object(Illuminate\\Http\\Request), Object(Closure))
#42 E:\\Workspace\\Laravel\\Picket\\vendor\\laravel\\framework\\src\\Illuminate\\Routing\\Pipeline.php(53): Illuminate\\Pipeline\\Pipeline->Illuminate\\Pipeline\\{closure}(Object(Illuminate\\Http\\Request))
#43 E:\\Workspace\\Laravel\\Picket\\vendor\\laravel\\framework\\src\\Illuminate\\Foundation\\Http\\Middleware\\TransformsRequest.php(21): Illuminate\\Routing\\Pipeline->Illuminate\\Routing\\{closure}(Object(Illuminate\\Http\\Request))
#44 E:\\Workspace\\Laravel\\Picket\\vendor\\laravel\\framework\\src\\Illuminate\\Pipeline\\Pipeline.php(163): Illuminate\\Foundation\\Http\\Middleware\\TransformsRequest->handle(Object(Illuminate\\Http\\Request), Object(Closure))
#45 E:\\Workspace\\Laravel\\Picket\\vendor\\laravel\\framework\\src\\Illuminate\\Routing\\Pipeline.php(53): Illuminate\\Pipeline\\Pipeline->Illuminate\\Pipeline\\{closure}(Object(Illuminate\\Http\\Request))
#46 E:\\Workspace\\Laravel\\Picket\\vendor\\laravel\\framework\\src\\Illuminate\\Foundation\\Http\\Middleware\\ValidatePostSize.php(27): Illuminate\\Routing\\Pipeline->Illuminate\\Routing\\{closure}(Object(Illuminate\\Http\\Request))
#47 E:\\Workspace\\Laravel\\Picket\\vendor\\laravel\\framework\\src\\Illuminate\\Pipeline\\Pipeline.php(163): Illuminate\\Foundation\\Http\\Middleware\\ValidatePostSize->handle(Object(Illuminate\\Http\\Request), Object(Closure))
#48 E:\\Workspace\\Laravel\\Picket\\vendor\\laravel\\framework\\src\\Illuminate\\Routing\\Pipeline.php(53): Illuminate\\Pipeline\\Pipeline->Illuminate\\Pipeline\\{closure}(Object(Illuminate\\Http\\Request))
#49 E:\\Workspace\\Laravel\\Picket\\vendor\\laravel\\framework\\src\\Illuminate\\Foundation\\Http\\Middleware\\CheckForMaintenanceMode.php(62): Illuminate\\Routing\\Pipeline->Illuminate\\Routing\\{closure}(Object(Illuminate\\Http\\Request))
#50 E:\\Workspace\\Laravel\\Picket\\vendor\\laravel\\framework\\src\\Illuminate\\Pipeline\\Pipeline.php(163): Illuminate\\Foundation\\Http\\Middleware\\CheckForMaintenanceMode->handle(Object(Illuminate\\Http\\Request), Object(Closure))
#51 E:\\Workspace\\Laravel\\Picket\\vendor\\laravel\\framework\\src\\Illuminate\\Routing\\Pipeline.php(53): Illuminate\\Pipeline\\Pipeline->Illuminate\\Pipeline\\{closure}(Object(Illuminate\\Http\\Request))
#52 E:\\Workspace\\Laravel\\Picket\\vendor\\laravel\\framework\\src\\Illuminate\\Pipeline\\Pipeline.php(104): Illuminate\\Routing\\Pipeline->Illuminate\\Routing\\{closure}(Object(Illuminate\\Http\\Request))
#53 E:\\Workspace\\Laravel\\Picket\\vendor\\laravel\\framework\\src\\Illuminate\\Foundation\\Http\\Kernel.php(151): Illuminate\\Pipeline\\Pipeline->then(Object(Closure))
#54 E:\\Workspace\\Laravel\\Picket\\vendor\\laravel\\framework\\src\\Illuminate\\Foundation\\Http\\Kernel.php(116): Illuminate\\Foundation\\Http\\Kernel->sendRequestThroughRouter(Object(Illuminate\\Http\\Request))
#55 E:\\Workspace\\Laravel\\Picket\\public\\index.php(55): Illuminate\\Foundation\\Http\\Kernel->handle(Object(Illuminate\\Http\\Request))
#56 E:\\Workspace\\Laravel\\Picket\\server.php(17): require_once('E:\\\\Workspace\\\\La...')
#57 {main}
"} 
[2019-06-04 11:58:24] local.ERROR: JWT does not contain the required claims {"exception":"[object] (Tymon\\JWTAuth\\Exceptions\\TokenInvalidException(code: 0): JWT does not contain the required claims at E:\\Workspace\\Laravel\\Picket\\vendor\\tymon\\jwt-auth\\src\\Validators\\Validator.php:38)
[stacktrace]
#0 E:\\Workspace\\Laravel\\Picket\\vendor\\tymon\\jwt-auth\\src\\Validators\\PayloadValidator.php(38): Tymon\\JWTAuth\\Validators\\Validator::throwFailed('JWT does not co...')
#1 E:\\Workspace\\Laravel\\Picket\\vendor\\tymon\\jwt-auth\\src\\Factory.php(43): Tymon\\JWTAuth\\Validators\\PayloadValidator::check(Object(Tymon\\JWTAuth\\Claims\\Collection), Object(Tymon\\JWTAuth\\Options))
#2 E:\\Workspace\\Laravel\\Picket\\vendor\\tymon\\jwt-auth\\src\\Builder.php(98): Tymon\\JWTAuth\\Factory::make(Object(Tymon\\JWTAuth\\Claims\\Collection), Object(Tymon\\JWTAuth\\Options))
#3 E:\\Workspace\\Laravel\\Picket\\vendor\\tymon\\jwt-auth\\src\\Builder.php(107): Tymon\\JWTAuth\\Builder->make(Array)
#4 E:\\Workspace\\Laravel\\Picket\\vendor\\tymon\\jwt-auth\\src\\Manager.php(124): Tymon\\JWTAuth\\Builder->makeForSubject(Object(App\\Model\\User), Array)
#5 E:\\Workspace\\Laravel\\Picket\\vendor\\tymon\\jwt-auth\\src\\JWT.php(72): Tymon\\JWTAuth\\Manager->tokenForSubject(Object(App\\Model\\User), Array)
#6 E:\\Workspace\\Laravel\\Picket\\vendor\\tymon\\jwt-auth\\src\\JWT.php(80): Tymon\\JWTAuth\\JWT->fromSubject(Object(App\\Model\\User))
#7 E:\\Workspace\\Laravel\\Picket\\vendor\\tymon\\jwt-auth\\src\\JWTGuard.php(137): Tymon\\JWTAuth\\JWT->fromUser(Object(App\\Model\\User))
#8 E:\\Workspace\\Laravel\\Picket\\vendor\\tymon\\jwt-auth\\src\\JWTGuard.php(124): Tymon\\JWTAuth\\JWTGuard->login(Object(App\\Model\\User))
#9 E:\\Workspace\\Laravel\\Picket\\vendor\\laravel\\framework\\src\\Illuminate\\Auth\\AuthManager.php(297): Tymon\\JWTAuth\\JWTGuard->attempt(Array)
#10 E:\\Workspace\\Laravel\\Picket\\app\\Http\\Controllers\\JWTAuthController.php(30): Illuminate\\Auth\\AuthManager->__call('attempt', Array)
#11 [internal function]: App\\Http\\Controllers\\JWTAuthController->login()
#12 E:\\Workspace\\Laravel\\Picket\\vendor\\laravel\\framework\\src\\Illuminate\\Routing\\Controller.php(54): call_user_func_array(Array, Array)
#13 E:\\Workspace\\Laravel\\Picket\\vendor\\laravel\\framework\\src\\Illuminate\\Routing\\ControllerDispatcher.php(45): Illuminate\\Routing\\Controller->callAction('login', Array)
#14 E:\\Workspace\\Laravel\\Picket\\vendor\\laravel\\framework\\src\\Illuminate\\Routing\\Route.php(219): Illuminate\\Routing\\ControllerDispatcher->dispatch(Object(Illuminate\\Routing\\Route), Object(App\\Http\\Controllers\\JWTAuthController), 'login')
#15 E:\\Workspace\\Laravel\\Picket\\vendor\\laravel\\framework\\src\\Illuminate\\Routing\\Route.php(176): Illuminate\\Routing\\Route->runController()
#16 E:\\Workspace\\Laravel\\Picket\\vendor\\laravel\\framework\\src\\Illuminate\\Routing\\Router.php(680): Illuminate\\Routing\\Route->run()
#17 E:\\Workspace\\Laravel\\Picket\\vendor\\laravel\\framework\\src\\Illuminate\\Routing\\Pipeline.php(30): Illuminate\\Routing\\Router->Illuminate\\Routing\\{closure}(Object(Illuminate\\Http\\Request))
#18 E:\\Workspace\\Laravel\\Picket\\vendor\\laravel\\framework\\src\\Illuminate\\Routing\\Middleware\\SubstituteBindings.php(41): Illuminate\\Routing\\Pipeline->Illuminate\\Routing\\{closure}(Object(Illuminate\\Http\\Request))
#19 E:\\Workspace\\Laravel\\Picket\\vendor\\laravel\\framework\\src\\Illuminate\\Pipeline\\Pipeline.php(163): Illuminate\\Routing\\Middleware\\SubstituteBindings->handle(Object(Illuminate\\Http\\Request), Object(Closure))
#20 E:\\Workspace\\Laravel\\Picket\\vendor\\laravel\\framework\\src\\Illuminate\\Routing\\Pipeline.php(53): Illuminate\\Pipeline\\Pipeline->Illuminate\\Pipeline\\{closure}(Object(Illuminate\\Http\\Request))
#21 E:\\Workspace\\Laravel\\Picket\\vendor\\laravel\\framework\\src\\Illuminate\\Routing\\Middleware\\ThrottleRequests.php(58): Illuminate\\Routing\\Pipeline->Illuminate\\Routing\\{closure}(Object(Illuminate\\Http\\Request))
#22 E:\\Workspace\\Laravel\\Picket\\vendor\\laravel\\framework\\src\\Illuminate\\Pipeline\\Pipeline.php(163): Illuminate\\Routing\\Middleware\\ThrottleRequests->handle(Object(Illuminate\\Http\\Request), Object(Closure), 60, '1')
#23 E:\\Workspace\\Laravel\\Picket\\vendor\\laravel\\framework\\src\\Illuminate\\Routing\\Pipeline.php(53): Illuminate\\Pipeline\\Pipeline->Illuminate\\Pipeline\\{closure}(Object(Illuminate\\Http\\Request))
#24 E:\\Workspace\\Laravel\\Picket\\vendor\\laravel\\framework\\src\\Illuminate\\Pipeline\\Pipeline.php(104): Illuminate\\Routing\\Pipeline->Illuminate\\Routing\\{closure}(Object(Illuminate\\Http\\Request))
#25 E:\\Workspace\\Laravel\\Picket\\vendor\\laravel\\framework\\src\\Illuminate\\Routing\\Router.php(682): Illuminate\\Pipeline\\Pipeline->then(Object(Closure))
#26 E:\\Workspace\\Laravel\\Picket\\vendor\\laravel\\framework\\src\\Illuminate\\Routing\\Router.php(657): Illuminate\\Routing\\Router->runRouteWithinStack(Object(Illuminate\\Routing\\Route), Object(Illuminate\\Http\\Request))
#27 E:\\Workspace\\Laravel\\Picket\\vendor\\laravel\\framework\\src\\Illuminate\\Routing\\Router.php(623): Illuminate\\Routing\\Router->runRoute(Object(Illuminate\\Http\\Request), Object(Illuminate\\Routing\\Route))
#28 E:\\Workspace\\Laravel\\Picket\\vendor\\laravel\\framework\\src\\Illuminate\\Routing\\Router.php(612): Illuminate\\Routing\\Router->dispatchToRoute(Object(Illuminate\\Http\\Request))
#29 E:\\Workspace\\Laravel\\Picket\\vendor\\laravel\\framework\\src\\Illuminate\\Foundation\\Http\\Kernel.php(176): Illuminate\\Routing\\Router->dispatch(Object(Illuminate\\Http\\Request))
#30 E:\\Workspace\\Laravel\\Picket\\vendor\\laravel\\framework\\src\\Illuminate\\Routing\\Pipeline.php(30): Illuminate\\Foundation\\Http\\Kernel->Illuminate\\Foundation\\Http\\{closure}(Object(Illuminate\\Http\\Request))
#31 E:\\Workspace\\Laravel\\Picket\\vendor\\laravel\\framework\\src\\Illuminate\\View\\Middleware\\ShareErrorsFromSession.php(49): Illuminate\\Routing\\Pipeline->Illuminate\\Routing\\{closure}(Object(Illuminate\\Http\\Request))
#32 E:\\Workspace\\Laravel\\Picket\\vendor\\laravel\\framework\\src\\Illuminate\\Pipeline\\Pipeline.php(163): Illuminate\\View\\Middleware\\ShareErrorsFromSession->handle(Object(Illuminate\\Http\\Request), Object(Closure))
#33 E:\\Workspace\\Laravel\\Picket\\vendor\\laravel\\framework\\src\\Illuminate\\Routing\\Pipeline.php(53): Illuminate\\Pipeline\\Pipeline->Illuminate\\Pipeline\\{closure}(Object(Illuminate\\Http\\Request))
#34 E:\\Workspace\\Laravel\\Picket\\vendor\\laravel\\framework\\src\\Illuminate\\Session\\Middleware\\StartSession.php(56): Illuminate\\Routing\\Pipeline->Illuminate\\Routing\\{closure}(Object(Illuminate\\Http\\Request))
#35 E:\\Workspace\\Laravel\\Picket\\vendor\\laravel\\framework\\src\\Illuminate\\Pipeline\\Pipeline.php(163): Illuminate\\Session\\Middleware\\StartSession->handle(Object(Illuminate\\Http\\Request), Object(Closure))
#36 E:\\Workspace\\Laravel\\Picket\\vendor\\laravel\\framework\\src\\Illuminate\\Routing\\Pipeline.php(53): Illuminate\\Pipeline\\Pipeline->Illuminate\\Pipeline\\{closure}(Object(Illuminate\\Http\\Request))
#37 E:\\Workspace\\Laravel\\Picket\\vendor\\fideloper\\proxy\\src\\TrustProxies.php(57): Illuminate\\Routing\\Pipeline->Illuminate\\Routing\\{closure}(Object(Illuminate\\Http\\Request))
#38 E:\\Workspace\\Laravel\\Picket\\vendor\\laravel\\framework\\src\\Illuminate\\Pipeline\\Pipeline.php(163): Fideloper\\Proxy\\TrustProxies->handle(Object(Illuminate\\Http\\Request), Object(Closure))
#39 E:\\Workspace\\Laravel\\Picket\\vendor\\laravel\\framework\\src\\Illuminate\\Routing\\Pipeline.php(53): Illuminate\\Pipeline\\Pipeline->Illuminate\\Pipeline\\{closure}(Object(Illuminate\\Http\\Request))
#40 E:\\Workspace\\Laravel\\Picket\\vendor\\laravel\\framework\\src\\Illuminate\\Foundation\\Http\\Middleware\\TransformsRequest.php(21): Illuminate\\Routing\\Pipeline->Illuminate\\Routing\\{closure}(Object(Illuminate\\Http\\Request))
#41 E:\\Workspace\\Laravel\\Picket\\vendor\\laravel\\framework\\src\\Illuminate\\Pipeline\\Pipeline.php(163): Illuminate\\Foundation\\Http\\Middleware\\TransformsRequest->handle(Object(Illuminate\\Http\\Request), Object(Closure))
#42 E:\\Workspace\\Laravel\\Picket\\vendor\\laravel\\framework\\src\\Illuminate\\Routing\\Pipeline.php(53): Illuminate\\Pipeline\\Pipeline->Illuminate\\Pipeline\\{closure}(Object(Illuminate\\Http\\Request))
#43 E:\\Workspace\\Laravel\\Picket\\vendor\\laravel\\framework\\src\\Illuminate\\Foundation\\Http\\Middleware\\TransformsRequest.php(21): Illuminate\\Routing\\Pipeline->Illuminate\\Routing\\{closure}(Object(Illuminate\\Http\\Request))
#44 E:\\Workspace\\Laravel\\Picket\\vendor\\laravel\\framework\\src\\Illuminate\\Pipeline\\Pipeline.php(163): Illuminate\\Foundation\\Http\\Middleware\\TransformsRequest->handle(Object(Illuminate\\Http\\Request), Object(Closure))
#45 E:\\Workspace\\Laravel\\Picket\\vendor\\laravel\\framework\\src\\Illuminate\\Routing\\Pipeline.php(53): Illuminate\\Pipeline\\Pipeline->Illuminate\\Pipeline\\{closure}(Object(Illuminate\\Http\\Request))
#46 E:\\Workspace\\Laravel\\Picket\\vendor\\laravel\\framework\\src\\Illuminate\\Foundation\\Http\\Middleware\\ValidatePostSize.php(27): Illuminate\\Routing\\Pipeline->Illuminate\\Routing\\{closure}(Object(Illuminate\\Http\\Request))
#47 E:\\Workspace\\Laravel\\Picket\\vendor\\laravel\\framework\\src\\Illuminate\\Pipeline\\Pipeline.php(163): Illuminate\\Foundation\\Http\\Middleware\\ValidatePostSize->handle(Object(Illuminate\\Http\\Request), Object(Closure))
#48 E:\\Workspace\\Laravel\\Picket\\vendor\\laravel\\framework\\src\\Illuminate\\Routing\\Pipeline.php(53): Illuminate\\Pipeline\\Pipeline->Illuminate\\Pipeline\\{closure}(Object(Illuminate\\Http\\Request))
#49 E:\\Workspace\\Laravel\\Picket\\vendor\\laravel\\framework\\src\\Illuminate\\Foundation\\Http\\Middleware\\CheckForMaintenanceMode.php(62): Illuminate\\Routing\\Pipeline->Illuminate\\Routing\\{closure}(Object(Illuminate\\Http\\Request))
#50 E:\\Workspace\\Laravel\\Picket\\vendor\\laravel\\framework\\src\\Illuminate\\Pipeline\\Pipeline.php(163): Illuminate\\Foundation\\Http\\Middleware\\CheckForMaintenanceMode->handle(Object(Illuminate\\Http\\Request), Object(Closure))
#51 E:\\Workspace\\Laravel\\Picket\\vendor\\laravel\\framework\\src\\Illuminate\\Routing\\Pipeline.php(53): Illuminate\\Pipeline\\Pipeline->Illuminate\\Pipeline\\{closure}(Object(Illuminate\\Http\\Request))
#52 E:\\Workspace\\Laravel\\Picket\\vendor\\laravel\\framework\\src\\Illuminate\\Pipeline\\Pipeline.php(104): Illuminate\\Routing\\Pipeline->Illuminate\\Routing\\{closure}(Object(Illuminate\\Http\\Request))
#53 E:\\Workspace\\Laravel\\Picket\\vendor\\laravel\\framework\\src\\Illuminate\\Foundation\\Http\\Kernel.php(151): Illuminate\\Pipeline\\Pipeline->then(Object(Closure))
#54 E:\\Workspace\\Laravel\\Picket\\vendor\\laravel\\framework\\src\\Illuminate\\Foundation\\Http\\Kernel.php(116): Illuminate\\Foundation\\Http\\Kernel->sendRequestThroughRouter(Object(Illuminate\\Http\\Request))
#55 E:\\Workspace\\Laravel\\Picket\\public\\index.php(55): Illuminate\\Foundation\\Http\\Kernel->handle(Object(Illuminate\\Http\\Request))
#56 E:\\Workspace\\Laravel\\Picket\\server.php(17): require_once('E:\\\\Workspace\\\\La...')
#57 {main}
"} 
[2019-06-04 11:59:05] local.ERROR: JWT does not contain the required claims {"exception":"[object] (Tymon\\JWTAuth\\Exceptions\\TokenInvalidException(code: 0): JWT does not contain the required claims at E:\\Workspace\\Laravel\\Picket\\vendor\\tymon\\jwt-auth\\src\\Validators\\Validator.php:38)
[stacktrace]
#0 E:\\Workspace\\Laravel\\Picket\\vendor\\tymon\\jwt-auth\\src\\Validators\\PayloadValidator.php(38): Tymon\\JWTAuth\\Validators\\Validator::throwFailed('JWT does not co...')
#1 E:\\Workspace\\Laravel\\Picket\\vendor\\tymon\\jwt-auth\\src\\Factory.php(43): Tymon\\JWTAuth\\Validators\\PayloadValidator::check(Object(Tymon\\JWTAuth\\Claims\\Collection), Object(Tymon\\JWTAuth\\Options))
#2 E:\\Workspace\\Laravel\\Picket\\vendor\\tymon\\jwt-auth\\src\\Builder.php(98): Tymon\\JWTAuth\\Factory::make(Object(Tymon\\JWTAuth\\Claims\\Collection), Object(Tymon\\JWTAuth\\Options))
#3 E:\\Workspace\\Laravel\\Picket\\vendor\\tymon\\jwt-auth\\src\\Builder.php(107): Tymon\\JWTAuth\\Builder->make(Array)
#4 E:\\Workspace\\Laravel\\Picket\\vendor\\tymon\\jwt-auth\\src\\Manager.php(124): Tymon\\JWTAuth\\Builder->makeForSubject(Object(App\\Model\\User), Array)
#5 E:\\Workspace\\Laravel\\Picket\\vendor\\tymon\\jwt-auth\\src\\JWT.php(72): Tymon\\JWTAuth\\Manager->tokenForSubject(Object(App\\Model\\User), Array)
#6 E:\\Workspace\\Laravel\\Picket\\vendor\\tymon\\jwt-auth\\src\\JWT.php(80): Tymon\\JWTAuth\\JWT->fromSubject(Object(App\\Model\\User))
#7 E:\\Workspace\\Laravel\\Picket\\vendor\\tymon\\jwt-auth\\src\\JWTGuard.php(137): Tymon\\JWTAuth\\JWT->fromUser(Object(App\\Model\\User))
#8 E:\\Workspace\\Laravel\\Picket\\vendor\\tymon\\jwt-auth\\src\\JWTGuard.php(124): Tymon\\JWTAuth\\JWTGuard->login(Object(App\\Model\\User))
#9 E:\\Workspace\\Laravel\\Picket\\vendor\\laravel\\framework\\src\\Illuminate\\Auth\\AuthManager.php(297): Tymon\\JWTAuth\\JWTGuard->attempt(Array)
#10 E:\\Workspace\\Laravel\\Picket\\app\\Http\\Controllers\\JWTAuthController.php(30): Illuminate\\Auth\\AuthManager->__call('attempt', Array)
#11 [internal function]: App\\Http\\Controllers\\JWTAuthController->login()
#12 E:\\Workspace\\Laravel\\Picket\\vendor\\laravel\\framework\\src\\Illuminate\\Routing\\Controller.php(54): call_user_func_array(Array, Array)
#13 E:\\Workspace\\Laravel\\Picket\\vendor\\laravel\\framework\\src\\Illuminate\\Routing\\ControllerDispatcher.php(45): Illuminate\\Routing\\Controller->callAction('login', Array)
#14 E:\\Workspace\\Laravel\\Picket\\vendor\\laravel\\framework\\src\\Illuminate\\Routing\\Route.php(219): Illuminate\\Routing\\ControllerDispatcher->dispatch(Object(Illuminate\\Routing\\Route), Object(App\\Http\\Controllers\\JWTAuthController), 'login')
#15 E:\\Workspace\\Laravel\\Picket\\vendor\\laravel\\framework\\src\\Illuminate\\Routing\\Route.php(176): Illuminate\\Routing\\Route->runController()
#16 E:\\Workspace\\Laravel\\Picket\\vendor\\laravel\\framework\\src\\Illuminate\\Routing\\Router.php(680): Illuminate\\Routing\\Route->run()
#17 E:\\Workspace\\Laravel\\Picket\\vendor\\laravel\\framework\\src\\Illuminate\\Routing\\Pipeline.php(30): Illuminate\\Routing\\Router->Illuminate\\Routing\\{closure}(Object(Illuminate\\Http\\Request))
#18 E:\\Workspace\\Laravel\\Picket\\vendor\\laravel\\framework\\src\\Illuminate\\Routing\\Middleware\\SubstituteBindings.php(41): Illuminate\\Routing\\Pipeline->Illuminate\\Routing\\{closure}(Object(Illuminate\\Http\\Request))
#19 E:\\Workspace\\Laravel\\Picket\\vendor\\laravel\\framework\\src\\Illuminate\\Pipeline\\Pipeline.php(163): Illuminate\\Routing\\Middleware\\SubstituteBindings->handle(Object(Illuminate\\Http\\Request), Object(Closure))
#20 E:\\Workspace\\Laravel\\Picket\\vendor\\laravel\\framework\\src\\Illuminate\\Routing\\Pipeline.php(53): Illuminate\\Pipeline\\Pipeline->Illuminate\\Pipeline\\{closure}(Object(Illuminate\\Http\\Request))
#21 E:\\Workspace\\Laravel\\Picket\\vendor\\laravel\\framework\\src\\Illuminate\\Routing\\Middleware\\ThrottleRequests.php(58): Illuminate\\Routing\\Pipeline->Illuminate\\Routing\\{closure}(Object(Illuminate\\Http\\Request))
#22 E:\\Workspace\\Laravel\\Picket\\vendor\\laravel\\framework\\src\\Illuminate\\Pipeline\\Pipeline.php(163): Illuminate\\Routing\\Middleware\\ThrottleRequests->handle(Object(Illuminate\\Http\\Request), Object(Closure), 60, '1')
#23 E:\\Workspace\\Laravel\\Picket\\vendor\\laravel\\framework\\src\\Illuminate\\Routing\\Pipeline.php(53): Illuminate\\Pipeline\\Pipeline->Illuminate\\Pipeline\\{closure}(Object(Illuminate\\Http\\Request))
#24 E:\\Workspace\\Laravel\\Picket\\vendor\\laravel\\framework\\src\\Illuminate\\Pipeline\\Pipeline.php(104): Illuminate\\Routing\\Pipeline->Illuminate\\Routing\\{closure}(Object(Illuminate\\Http\\Request))
#25 E:\\Workspace\\Laravel\\Picket\\vendor\\laravel\\framework\\src\\Illuminate\\Routing\\Router.php(682): Illuminate\\Pipeline\\Pipeline->then(Object(Closure))
#26 E:\\Workspace\\Laravel\\Picket\\vendor\\laravel\\framework\\src\\Illuminate\\Routing\\Router.php(657): Illuminate\\Routing\\Router->runRouteWithinStack(Object(Illuminate\\Routing\\Route), Object(Illuminate\\Http\\Request))
#27 E:\\Workspace\\Laravel\\Picket\\vendor\\laravel\\framework\\src\\Illuminate\\Routing\\Router.php(623): Illuminate\\Routing\\Router->runRoute(Object(Illuminate\\Http\\Request), Object(Illuminate\\Routing\\Route))
#28 E:\\Workspace\\Laravel\\Picket\\vendor\\laravel\\framework\\src\\Illuminate\\Routing\\Router.php(612): Illuminate\\Routing\\Router->dispatchToRoute(Object(Illuminate\\Http\\Request))
#29 E:\\Workspace\\Laravel\\Picket\\vendor\\laravel\\framework\\src\\Illuminate\\Foundation\\Http\\Kernel.php(176): Illuminate\\Routing\\Router->dispatch(Object(Illuminate\\Http\\Request))
#30 E:\\Workspace\\Laravel\\Picket\\vendor\\laravel\\framework\\src\\Illuminate\\Routing\\Pipeline.php(30): Illuminate\\Foundation\\Http\\Kernel->Illuminate\\Foundation\\Http\\{closure}(Object(Illuminate\\Http\\Request))
#31 E:\\Workspace\\Laravel\\Picket\\vendor\\laravel\\framework\\src\\Illuminate\\View\\Middleware\\ShareErrorsFromSession.php(49): Illuminate\\Routing\\Pipeline->Illuminate\\Routing\\{closure}(Object(Illuminate\\Http\\Request))
#32 E:\\Workspace\\Laravel\\Picket\\vendor\\laravel\\framework\\src\\Illuminate\\Pipeline\\Pipeline.php(163): Illuminate\\View\\Middleware\\ShareErrorsFromSession->handle(Object(Illuminate\\Http\\Request), Object(Closure))
#33 E:\\Workspace\\Laravel\\Picket\\vendor\\laravel\\framework\\src\\Illuminate\\Routing\\Pipeline.php(53): Illuminate\\Pipeline\\Pipeline->Illuminate\\Pipeline\\{closure}(Object(Illuminate\\Http\\Request))
#34 E:\\Workspace\\Laravel\\Picket\\vendor\\laravel\\framework\\src\\Illuminate\\Session\\Middleware\\StartSession.php(56): Illuminate\\Routing\\Pipeline->Illuminate\\Routing\\{closure}(Object(Illuminate\\Http\\Request))
#35 E:\\Workspace\\Laravel\\Picket\\vendor\\laravel\\framework\\src\\Illuminate\\Pipeline\\Pipeline.php(163): Illuminate\\Session\\Middleware\\StartSession->handle(Object(Illuminate\\Http\\Request), Object(Closure))
#36 E:\\Workspace\\Laravel\\Picket\\vendor\\laravel\\framework\\src\\Illuminate\\Routing\\Pipeline.php(53): Illuminate\\Pipeline\\Pipeline->Illuminate\\Pipeline\\{closure}(Object(Illuminate\\Http\\Request))
#37 E:\\Workspace\\Laravel\\Picket\\vendor\\fideloper\\proxy\\src\\TrustProxies.php(57): Illuminate\\Routing\\Pipeline->Illuminate\\Routing\\{closure}(Object(Illuminate\\Http\\Request))
#38 E:\\Workspace\\Laravel\\Picket\\vendor\\laravel\\framework\\src\\Illuminate\\Pipeline\\Pipeline.php(163): Fideloper\\Proxy\\TrustProxies->handle(Object(Illuminate\\Http\\Request), Object(Closure))
#39 E:\\Workspace\\Laravel\\Picket\\vendor\\laravel\\framework\\src\\Illuminate\\Routing\\Pipeline.php(53): Illuminate\\Pipeline\\Pipeline->Illuminate\\Pipeline\\{closure}(Object(Illuminate\\Http\\Request))
#40 E:\\Workspace\\Laravel\\Picket\\vendor\\laravel\\framework\\src\\Illuminate\\Foundation\\Http\\Middleware\\TransformsRequest.php(21): Illuminate\\Routing\\Pipeline->Illuminate\\Routing\\{closure}(Object(Illuminate\\Http\\Request))
#41 E:\\Workspace\\Laravel\\Picket\\vendor\\laravel\\framework\\src\\Illuminate\\Pipeline\\Pipeline.php(163): Illuminate\\Foundation\\Http\\Middleware\\TransformsRequest->handle(Object(Illuminate\\Http\\Request), Object(Closure))
#42 E:\\Workspace\\Laravel\\Picket\\vendor\\laravel\\framework\\src\\Illuminate\\Routing\\Pipeline.php(53): Illuminate\\Pipeline\\Pipeline->Illuminate\\Pipeline\\{closure}(Object(Illuminate\\Http\\Request))
#43 E:\\Workspace\\Laravel\\Picket\\vendor\\laravel\\framework\\src\\Illuminate\\Foundation\\Http\\Middleware\\TransformsRequest.php(21): Illuminate\\Routing\\Pipeline->Illuminate\\Routing\\{closure}(Object(Illuminate\\Http\\Request))
#44 E:\\Workspace\\Laravel\\Picket\\vendor\\laravel\\framework\\src\\Illuminate\\Pipeline\\Pipeline.php(163): Illuminate\\Foundation\\Http\\Middleware\\TransformsRequest->handle(Object(Illuminate\\Http\\Request), Object(Closure))
#45 E:\\Workspace\\Laravel\\Picket\\vendor\\laravel\\framework\\src\\Illuminate\\Routing\\Pipeline.php(53): Illuminate\\Pipeline\\Pipeline->Illuminate\\Pipeline\\{closure}(Object(Illuminate\\Http\\Request))
#46 E:\\Workspace\\Laravel\\Picket\\vendor\\laravel\\framework\\src\\Illuminate\\Foundation\\Http\\Middleware\\ValidatePostSize.php(27): Illuminate\\Routing\\Pipeline->Illuminate\\Routing\\{closure}(Object(Illuminate\\Http\\Request))
#47 E:\\Workspace\\Laravel\\Picket\\vendor\\laravel\\framework\\src\\Illuminate\\Pipeline\\Pipeline.php(163): Illuminate\\Foundation\\Http\\Middleware\\ValidatePostSize->handle(Object(Illuminate\\Http\\Request), Object(Closure))
#48 E:\\Workspace\\Laravel\\Picket\\vendor\\laravel\\framework\\src\\Illuminate\\Routing\\Pipeline.php(53): Illuminate\\Pipeline\\Pipeline->Illuminate\\Pipeline\\{closure}(Object(Illuminate\\Http\\Request))
#49 E:\\Workspace\\Laravel\\Picket\\vendor\\laravel\\framework\\src\\Illuminate\\Foundation\\Http\\Middleware\\CheckForMaintenanceMode.php(62): Illuminate\\Routing\\Pipeline->Illuminate\\Routing\\{closure}(Object(Illuminate\\Http\\Request))
#50 E:\\Workspace\\Laravel\\Picket\\vendor\\laravel\\framework\\src\\Illuminate\\Pipeline\\Pipeline.php(163): Illuminate\\Foundation\\Http\\Middleware\\CheckForMaintenanceMode->handle(Object(Illuminate\\Http\\Request), Object(Closure))
#51 E:\\Workspace\\Laravel\\Picket\\vendor\\laravel\\framework\\src\\Illuminate\\Routing\\Pipeline.php(53): Illuminate\\Pipeline\\Pipeline->Illuminate\\Pipeline\\{closure}(Object(Illuminate\\Http\\Request))
#52 E:\\Workspace\\Laravel\\Picket\\vendor\\laravel\\framework\\src\\Illuminate\\Pipeline\\Pipeline.php(104): Illuminate\\Routing\\Pipeline->Illuminate\\Routing\\{closure}(Object(Illuminate\\Http\\Request))
#53 E:\\Workspace\\Laravel\\Picket\\vendor\\laravel\\framework\\src\\Illuminate\\Foundation\\Http\\Kernel.php(151): Illuminate\\Pipeline\\Pipeline->then(Object(Closure))
#54 E:\\Workspace\\Laravel\\Picket\\vendor\\laravel\\framework\\src\\Illuminate\\Foundation\\Http\\Kernel.php(116): Illuminate\\Foundation\\Http\\Kernel->sendRequestThroughRouter(Object(Illuminate\\Http\\Request))
#55 E:\\Workspace\\Laravel\\Picket\\public\\index.php(55): Illuminate\\Foundation\\Http\\Kernel->handle(Object(Illuminate\\Http\\Request))
#56 E:\\Workspace\\Laravel\\Picket\\server.php(17): require_once('E:\\\\Workspace\\\\La...')
#57 {main}
"} 
[2019-06-04 12:02:39] local.ERROR: JWT does not contain the required claims {"exception":"[object] (Tymon\\JWTAuth\\Exceptions\\TokenInvalidException(code: 0): JWT does not contain the required claims at E:\\Workspace\\Laravel\\Picket\\vendor\\tymon\\jwt-auth\\src\\Validators\\Validator.php:38)
[stacktrace]
#0 E:\\Workspace\\Laravel\\Picket\\vendor\\tymon\\jwt-auth\\src\\Validators\\PayloadValidator.php(38): Tymon\\JWTAuth\\Validators\\Validator::throwFailed('JWT does not co...')
#1 E:\\Workspace\\Laravel\\Picket\\vendor\\tymon\\jwt-auth\\src\\Factory.php(43): Tymon\\JWTAuth\\Validators\\PayloadValidator::check(Object(Tymon\\JWTAuth\\Claims\\Collection), Object(Tymon\\JWTAuth\\Options))
#2 E:\\Workspace\\Laravel\\Picket\\vendor\\tymon\\jwt-auth\\src\\Builder.php(98): Tymon\\JWTAuth\\Factory::make(Object(Tymon\\JWTAuth\\Claims\\Collection), Object(Tymon\\JWTAuth\\Options))
#3 E:\\Workspace\\Laravel\\Picket\\vendor\\tymon\\jwt-auth\\src\\Builder.php(107): Tymon\\JWTAuth\\Builder->make(Array)
#4 E:\\Workspace\\Laravel\\Picket\\vendor\\tymon\\jwt-auth\\src\\Manager.php(124): Tymon\\JWTAuth\\Builder->makeForSubject(Object(App\\Model\\User), Array)
#5 E:\\Workspace\\Laravel\\Picket\\vendor\\tymon\\jwt-auth\\src\\JWT.php(72): Tymon\\JWTAuth\\Manager->tokenForSubject(Object(App\\Model\\User), Array)
#6 E:\\Workspace\\Laravel\\Picket\\vendor\\tymon\\jwt-auth\\src\\JWT.php(80): Tymon\\JWTAuth\\JWT->fromSubject(Object(App\\Model\\User))
#7 E:\\Workspace\\Laravel\\Picket\\vendor\\tymon\\jwt-auth\\src\\JWTGuard.php(137): Tymon\\JWTAuth\\JWT->fromUser(Object(App\\Model\\User))
#8 E:\\Workspace\\Laravel\\Picket\\vendor\\tymon\\jwt-auth\\src\\JWTGuard.php(124): Tymon\\JWTAuth\\JWTGuard->login(Object(App\\Model\\User))
#9 E:\\Workspace\\Laravel\\Picket\\vendor\\laravel\\framework\\src\\Illuminate\\Auth\\AuthManager.php(297): Tymon\\JWTAuth\\JWTGuard->attempt(Array)
#10 E:\\Workspace\\Laravel\\Picket\\app\\Http\\Controllers\\JWTAuthController.php(30): Illuminate\\Auth\\AuthManager->__call('attempt', Array)
#11 [internal function]: App\\Http\\Controllers\\JWTAuthController->login()
#12 E:\\Workspace\\Laravel\\Picket\\vendor\\laravel\\framework\\src\\Illuminate\\Routing\\Controller.php(54): call_user_func_array(Array, Array)
#13 E:\\Workspace\\Laravel\\Picket\\vendor\\laravel\\framework\\src\\Illuminate\\Routing\\ControllerDispatcher.php(45): Illuminate\\Routing\\Controller->callAction('login', Array)
#14 E:\\Workspace\\Laravel\\Picket\\vendor\\laravel\\framework\\src\\Illuminate\\Routing\\Route.php(219): Illuminate\\Routing\\ControllerDispatcher->dispatch(Object(Illuminate\\Routing\\Route), Object(App\\Http\\Controllers\\JWTAuthController), 'login')
#15 E:\\Workspace\\Laravel\\Picket\\vendor\\laravel\\framework\\src\\Illuminate\\Routing\\Route.php(176): Illuminate\\Routing\\Route->runController()
#16 E:\\Workspace\\Laravel\\Picket\\vendor\\laravel\\framework\\src\\Illuminate\\Routing\\Router.php(680): Illuminate\\Routing\\Route->run()
#17 E:\\Workspace\\Laravel\\Picket\\vendor\\laravel\\framework\\src\\Illuminate\\Routing\\Pipeline.php(30): Illuminate\\Routing\\Router->Illuminate\\Routing\\{closure}(Object(Illuminate\\Http\\Request))
#18 E:\\Workspace\\Laravel\\Picket\\vendor\\laravel\\framework\\src\\Illuminate\\Routing\\Middleware\\SubstituteBindings.php(41): Illuminate\\Routing\\Pipeline->Illuminate\\Routing\\{closure}(Object(Illuminate\\Http\\Request))
#19 E:\\Workspace\\Laravel\\Picket\\vendor\\laravel\\framework\\src\\Illuminate\\Pipeline\\Pipeline.php(163): Illuminate\\Routing\\Middleware\\SubstituteBindings->handle(Object(Illuminate\\Http\\Request), Object(Closure))
#20 E:\\Workspace\\Laravel\\Picket\\vendor\\laravel\\framework\\src\\Illuminate\\Routing\\Pipeline.php(53): Illuminate\\Pipeline\\Pipeline->Illuminate\\Pipeline\\{closure}(Object(Illuminate\\Http\\Request))
#21 E:\\Workspace\\Laravel\\Picket\\vendor\\laravel\\framework\\src\\Illuminate\\Routing\\Middleware\\ThrottleRequests.php(58): Illuminate\\Routing\\Pipeline->Illuminate\\Routing\\{closure}(Object(Illuminate\\Http\\Request))
#22 E:\\Workspace\\Laravel\\Picket\\vendor\\laravel\\framework\\src\\Illuminate\\Pipeline\\Pipeline.php(163): Illuminate\\Routing\\Middleware\\ThrottleRequests->handle(Object(Illuminate\\Http\\Request), Object(Closure), 60, '1')
#23 E:\\Workspace\\Laravel\\Picket\\vendor\\laravel\\framework\\src\\Illuminate\\Routing\\Pipeline.php(53): Illuminate\\Pipeline\\Pipeline->Illuminate\\Pipeline\\{closure}(Object(Illuminate\\Http\\Request))
#24 E:\\Workspace\\Laravel\\Picket\\vendor\\laravel\\framework\\src\\Illuminate\\Pipeline\\Pipeline.php(104): Illuminate\\Routing\\Pipeline->Illuminate\\Routing\\{closure}(Object(Illuminate\\Http\\Request))
#25 E:\\Workspace\\Laravel\\Picket\\vendor\\laravel\\framework\\src\\Illuminate\\Routing\\Router.php(682): Illuminate\\Pipeline\\Pipeline->then(Object(Closure))
#26 E:\\Workspace\\Laravel\\Picket\\vendor\\laravel\\framework\\src\\Illuminate\\Routing\\Router.php(657): Illuminate\\Routing\\Router->runRouteWithinStack(Object(Illuminate\\Routing\\Route), Object(Illuminate\\Http\\Request))
#27 E:\\Workspace\\Laravel\\Picket\\vendor\\laravel\\framework\\src\\Illuminate\\Routing\\Router.php(623): Illuminate\\Routing\\Router->runRoute(Object(Illuminate\\Http\\Request), Object(Illuminate\\Routing\\Route))
#28 E:\\Workspace\\Laravel\\Picket\\vendor\\laravel\\framework\\src\\Illuminate\\Routing\\Router.php(612): Illuminate\\Routing\\Router->dispatchToRoute(Object(Illuminate\\Http\\Request))
#29 E:\\Workspace\\Laravel\\Picket\\vendor\\laravel\\framework\\src\\Illuminate\\Foundation\\Http\\Kernel.php(176): Illuminate\\Routing\\Router->dispatch(Object(Illuminate\\Http\\Request))
#30 E:\\Workspace\\Laravel\\Picket\\vendor\\laravel\\framework\\src\\Illuminate\\Routing\\Pipeline.php(30): Illuminate\\Foundation\\Http\\Kernel->Illuminate\\Foundation\\Http\\{closure}(Object(Illuminate\\Http\\Request))
#31 E:\\Workspace\\Laravel\\Picket\\vendor\\laravel\\framework\\src\\Illuminate\\View\\Middleware\\ShareErrorsFromSession.php(49): Illuminate\\Routing\\Pipeline->Illuminate\\Routing\\{closure}(Object(Illuminate\\Http\\Request))
#32 E:\\Workspace\\Laravel\\Picket\\vendor\\laravel\\framework\\src\\Illuminate\\Pipeline\\Pipeline.php(163): Illuminate\\View\\Middleware\\ShareErrorsFromSession->handle(Object(Illuminate\\Http\\Request), Object(Closure))
#33 E:\\Workspace\\Laravel\\Picket\\vendor\\laravel\\framework\\src\\Illuminate\\Routing\\Pipeline.php(53): Illuminate\\Pipeline\\Pipeline->Illuminate\\Pipeline\\{closure}(Object(Illuminate\\Http\\Request))
#34 E:\\Workspace\\Laravel\\Picket\\vendor\\laravel\\framework\\src\\Illuminate\\Session\\Middleware\\StartSession.php(56): Illuminate\\Routing\\Pipeline->Illuminate\\Routing\\{closure}(Object(Illuminate\\Http\\Request))
#35 E:\\Workspace\\Laravel\\Picket\\vendor\\laravel\\framework\\src\\Illuminate\\Pipeline\\Pipeline.php(163): Illuminate\\Session\\Middleware\\StartSession->handle(Object(Illuminate\\Http\\Request), Object(Closure))
#36 E:\\Workspace\\Laravel\\Picket\\vendor\\laravel\\framework\\src\\Illuminate\\Routing\\Pipeline.php(53): Illuminate\\Pipeline\\Pipeline->Illuminate\\Pipeline\\{closure}(Object(Illuminate\\Http\\Request))
#37 E:\\Workspace\\Laravel\\Picket\\vendor\\fideloper\\proxy\\src\\TrustProxies.php(57): Illuminate\\Routing\\Pipeline->Illuminate\\Routing\\{closure}(Object(Illuminate\\Http\\Request))
#38 E:\\Workspace\\Laravel\\Picket\\vendor\\laravel\\framework\\src\\Illuminate\\Pipeline\\Pipeline.php(163): Fideloper\\Proxy\\TrustProxies->handle(Object(Illuminate\\Http\\Request), Object(Closure))
#39 E:\\Workspace\\Laravel\\Picket\\vendor\\laravel\\framework\\src\\Illuminate\\Routing\\Pipeline.php(53): Illuminate\\Pipeline\\Pipeline->Illuminate\\Pipeline\\{closure}(Object(Illuminate\\Http\\Request))
#40 E:\\Workspace\\Laravel\\Picket\\vendor\\laravel\\framework\\src\\Illuminate\\Foundation\\Http\\Middleware\\TransformsRequest.php(21): Illuminate\\Routing\\Pipeline->Illuminate\\Routing\\{closure}(Object(Illuminate\\Http\\Request))
#41 E:\\Workspace\\Laravel\\Picket\\vendor\\laravel\\framework\\src\\Illuminate\\Pipeline\\Pipeline.php(163): Illuminate\\Foundation\\Http\\Middleware\\TransformsRequest->handle(Object(Illuminate\\Http\\Request), Object(Closure))
#42 E:\\Workspace\\Laravel\\Picket\\vendor\\laravel\\framework\\src\\Illuminate\\Routing\\Pipeline.php(53): Illuminate\\Pipeline\\Pipeline->Illuminate\\Pipeline\\{closure}(Object(Illuminate\\Http\\Request))
#43 E:\\Workspace\\Laravel\\Picket\\vendor\\laravel\\framework\\src\\Illuminate\\Foundation\\Http\\Middleware\\TransformsRequest.php(21): Illuminate\\Routing\\Pipeline->Illuminate\\Routing\\{closure}(Object(Illuminate\\Http\\Request))
#44 E:\\Workspace\\Laravel\\Picket\\vendor\\laravel\\framework\\src\\Illuminate\\Pipeline\\Pipeline.php(163): Illuminate\\Foundation\\Http\\Middleware\\TransformsRequest->handle(Object(Illuminate\\Http\\Request), Object(Closure))
#45 E:\\Workspace\\Laravel\\Picket\\vendor\\laravel\\framework\\src\\Illuminate\\Routing\\Pipeline.php(53): Illuminate\\Pipeline\\Pipeline->Illuminate\\Pipeline\\{closure}(Object(Illuminate\\Http\\Request))
#46 E:\\Workspace\\Laravel\\Picket\\vendor\\laravel\\framework\\src\\Illuminate\\Foundation\\Http\\Middleware\\ValidatePostSize.php(27): Illuminate\\Routing\\Pipeline->Illuminate\\Routing\\{closure}(Object(Illuminate\\Http\\Request))
#47 E:\\Workspace\\Laravel\\Picket\\vendor\\laravel\\framework\\src\\Illuminate\\Pipeline\\Pipeline.php(163): Illuminate\\Foundation\\Http\\Middleware\\ValidatePostSize->handle(Object(Illuminate\\Http\\Request), Object(Closure))
#48 E:\\Workspace\\Laravel\\Picket\\vendor\\laravel\\framework\\src\\Illuminate\\Routing\\Pipeline.php(53): Illuminate\\Pipeline\\Pipeline->Illuminate\\Pipeline\\{closure}(Object(Illuminate\\Http\\Request))
#49 E:\\Workspace\\Laravel\\Picket\\vendor\\laravel\\framework\\src\\Illuminate\\Foundation\\Http\\Middleware\\CheckForMaintenanceMode.php(62): Illuminate\\Routing\\Pipeline->Illuminate\\Routing\\{closure}(Object(Illuminate\\Http\\Request))
#50 E:\\Workspace\\Laravel\\Picket\\vendor\\laravel\\framework\\src\\Illuminate\\Pipeline\\Pipeline.php(163): Illuminate\\Foundation\\Http\\Middleware\\CheckForMaintenanceMode->handle(Object(Illuminate\\Http\\Request), Object(Closure))
#51 E:\\Workspace\\Laravel\\Picket\\vendor\\laravel\\framework\\src\\Illuminate\\Routing\\Pipeline.php(53): Illuminate\\Pipeline\\Pipeline->Illuminate\\Pipeline\\{closure}(Object(Illuminate\\Http\\Request))
#52 E:\\Workspace\\Laravel\\Picket\\vendor\\laravel\\framework\\src\\Illuminate\\Pipeline\\Pipeline.php(104): Illuminate\\Routing\\Pipeline->Illuminate\\Routing\\{closure}(Object(Illuminate\\Http\\Request))
#53 E:\\Workspace\\Laravel\\Picket\\vendor\\laravel\\framework\\src\\Illuminate\\Foundation\\Http\\Kernel.php(151): Illuminate\\Pipeline\\Pipeline->then(Object(Closure))
#54 E:\\Workspace\\Laravel\\Picket\\vendor\\laravel\\framework\\src\\Illuminate\\Foundation\\Http\\Kernel.php(116): Illuminate\\Foundation\\Http\\Kernel->sendRequestThroughRouter(Object(Illuminate\\Http\\Request))
#55 E:\\Workspace\\Laravel\\Picket\\public\\index.php(55): Illuminate\\Foundation\\Http\\Kernel->handle(Object(Illuminate\\Http\\Request))
#56 E:\\Workspace\\Laravel\\Picket\\server.php(17): require_once('E:\\\\Workspace\\\\La...')
#57 {main}
"} 
[2019-06-04 12:03:29] local.ERROR: JWT does not contain the required claims {"exception":"[object] (Tymon\\JWTAuth\\Exceptions\\TokenInvalidException(code: 0): JWT does not contain the required claims at E:\\Workspace\\Laravel\\Picket\\vendor\\tymon\\jwt-auth\\src\\Validators\\Validator.php:38)
[stacktrace]
#0 E:\\Workspace\\Laravel\\Picket\\vendor\\tymon\\jwt-auth\\src\\Validators\\PayloadValidator.php(38): Tymon\\JWTAuth\\Validators\\Validator::throwFailed('JWT does not co...')
#1 E:\\Workspace\\Laravel\\Picket\\vendor\\tymon\\jwt-auth\\src\\Factory.php(43): Tymon\\JWTAuth\\Validators\\PayloadValidator::check(Object(Tymon\\JWTAuth\\Claims\\Collection), Object(Tymon\\JWTAuth\\Options))
#2 E:\\Workspace\\Laravel\\Picket\\vendor\\tymon\\jwt-auth\\src\\Builder.php(98): Tymon\\JWTAuth\\Factory::make(Object(Tymon\\JWTAuth\\Claims\\Collection), Object(Tymon\\JWTAuth\\Options))
#3 E:\\Workspace\\Laravel\\Picket\\vendor\\tymon\\jwt-auth\\src\\Builder.php(107): Tymon\\JWTAuth\\Builder->make(Array)
#4 E:\\Workspace\\Laravel\\Picket\\vendor\\tymon\\jwt-auth\\src\\Manager.php(124): Tymon\\JWTAuth\\Builder->makeForSubject(Object(App\\Model\\User), Array)
#5 E:\\Workspace\\Laravel\\Picket\\vendor\\tymon\\jwt-auth\\src\\JWT.php(72): Tymon\\JWTAuth\\Manager->tokenForSubject(Object(App\\Model\\User), Array)
#6 E:\\Workspace\\Laravel\\Picket\\vendor\\tymon\\jwt-auth\\src\\JWT.php(80): Tymon\\JWTAuth\\JWT->fromSubject(Object(App\\Model\\User))
#7 E:\\Workspace\\Laravel\\Picket\\vendor\\tymon\\jwt-auth\\src\\JWTGuard.php(137): Tymon\\JWTAuth\\JWT->fromUser(Object(App\\Model\\User))
#8 E:\\Workspace\\Laravel\\Picket\\vendor\\tymon\\jwt-auth\\src\\JWTGuard.php(124): Tymon\\JWTAuth\\JWTGuard->login(Object(App\\Model\\User))
#9 E:\\Workspace\\Laravel\\Picket\\vendor\\laravel\\framework\\src\\Illuminate\\Auth\\AuthManager.php(297): Tymon\\JWTAuth\\JWTGuard->attempt(Array)
#10 E:\\Workspace\\Laravel\\Picket\\app\\Http\\Controllers\\JWTAuthController.php(30): Illuminate\\Auth\\AuthManager->__call('attempt', Array)
#11 [internal function]: App\\Http\\Controllers\\JWTAuthController->login()
#12 E:\\Workspace\\Laravel\\Picket\\vendor\\laravel\\framework\\src\\Illuminate\\Routing\\Controller.php(54): call_user_func_array(Array, Array)
#13 E:\\Workspace\\Laravel\\Picket\\vendor\\laravel\\framework\\src\\Illuminate\\Routing\\ControllerDispatcher.php(45): Illuminate\\Routing\\Controller->callAction('login', Array)
#14 E:\\Workspace\\Laravel\\Picket\\vendor\\laravel\\framework\\src\\Illuminate\\Routing\\Route.php(219): Illuminate\\Routing\\ControllerDispatcher->dispatch(Object(Illuminate\\Routing\\Route), Object(App\\Http\\Controllers\\JWTAuthController), 'login')
#15 E:\\Workspace\\Laravel\\Picket\\vendor\\laravel\\framework\\src\\Illuminate\\Routing\\Route.php(176): Illuminate\\Routing\\Route->runController()
#16 E:\\Workspace\\Laravel\\Picket\\vendor\\laravel\\framework\\src\\Illuminate\\Routing\\Router.php(680): Illuminate\\Routing\\Route->run()
#17 E:\\Workspace\\Laravel\\Picket\\vendor\\laravel\\framework\\src\\Illuminate\\Routing\\Pipeline.php(30): Illuminate\\Routing\\Router->Illuminate\\Routing\\{closure}(Object(Illuminate\\Http\\Request))
#18 E:\\Workspace\\Laravel\\Picket\\vendor\\laravel\\framework\\src\\Illuminate\\Routing\\Middleware\\SubstituteBindings.php(41): Illuminate\\Routing\\Pipeline->Illuminate\\Routing\\{closure}(Object(Illuminate\\Http\\Request))
#19 E:\\Workspace\\Laravel\\Picket\\vendor\\laravel\\framework\\src\\Illuminate\\Pipeline\\Pipeline.php(163): Illuminate\\Routing\\Middleware\\SubstituteBindings->handle(Object(Illuminate\\Http\\Request), Object(Closure))
#20 E:\\Workspace\\Laravel\\Picket\\vendor\\laravel\\framework\\src\\Illuminate\\Routing\\Pipeline.php(53): Illuminate\\Pipeline\\Pipeline->Illuminate\\Pipeline\\{closure}(Object(Illuminate\\Http\\Request))
#21 E:\\Workspace\\Laravel\\Picket\\vendor\\laravel\\framework\\src\\Illuminate\\Routing\\Middleware\\ThrottleRequests.php(58): Illuminate\\Routing\\Pipeline->Illuminate\\Routing\\{closure}(Object(Illuminate\\Http\\Request))
#22 E:\\Workspace\\Laravel\\Picket\\vendor\\laravel\\framework\\src\\Illuminate\\Pipeline\\Pipeline.php(163): Illuminate\\Routing\\Middleware\\ThrottleRequests->handle(Object(Illuminate\\Http\\Request), Object(Closure), 60, '1')
#23 E:\\Workspace\\Laravel\\Picket\\vendor\\laravel\\framework\\src\\Illuminate\\Routing\\Pipeline.php(53): Illuminate\\Pipeline\\Pipeline->Illuminate\\Pipeline\\{closure}(Object(Illuminate\\Http\\Request))
#24 E:\\Workspace\\Laravel\\Picket\\vendor\\laravel\\framework\\src\\Illuminate\\Pipeline\\Pipeline.php(104): Illuminate\\Routing\\Pipeline->Illuminate\\Routing\\{closure}(Object(Illuminate\\Http\\Request))
#25 E:\\Workspace\\Laravel\\Picket\\vendor\\laravel\\framework\\src\\Illuminate\\Routing\\Router.php(682): Illuminate\\Pipeline\\Pipeline->then(Object(Closure))
#26 E:\\Workspace\\Laravel\\Picket\\vendor\\laravel\\framework\\src\\Illuminate\\Routing\\Router.php(657): Illuminate\\Routing\\Router->runRouteWithinStack(Object(Illuminate\\Routing\\Route), Object(Illuminate\\Http\\Request))
#27 E:\\Workspace\\Laravel\\Picket\\vendor\\laravel\\framework\\src\\Illuminate\\Routing\\Router.php(623): Illuminate\\Routing\\Router->runRoute(Object(Illuminate\\Http\\Request), Object(Illuminate\\Routing\\Route))
#28 E:\\Workspace\\Laravel\\Picket\\vendor\\laravel\\framework\\src\\Illuminate\\Routing\\Router.php(612): Illuminate\\Routing\\Router->dispatchToRoute(Object(Illuminate\\Http\\Request))
#29 E:\\Workspace\\Laravel\\Picket\\vendor\\laravel\\framework\\src\\Illuminate\\Foundation\\Http\\Kernel.php(176): Illuminate\\Routing\\Router->dispatch(Object(Illuminate\\Http\\Request))
#30 E:\\Workspace\\Laravel\\Picket\\vendor\\laravel\\framework\\src\\Illuminate\\Routing\\Pipeline.php(30): Illuminate\\Foundation\\Http\\Kernel->Illuminate\\Foundation\\Http\\{closure}(Object(Illuminate\\Http\\Request))
#31 E:\\Workspace\\Laravel\\Picket\\vendor\\laravel\\framework\\src\\Illuminate\\View\\Middleware\\ShareErrorsFromSession.php(49): Illuminate\\Routing\\Pipeline->Illuminate\\Routing\\{closure}(Object(Illuminate\\Http\\Request))
#32 E:\\Workspace\\Laravel\\Picket\\vendor\\laravel\\framework\\src\\Illuminate\\Pipeline\\Pipeline.php(163): Illuminate\\View\\Middleware\\ShareErrorsFromSession->handle(Object(Illuminate\\Http\\Request), Object(Closure))
#33 E:\\Workspace\\Laravel\\Picket\\vendor\\laravel\\framework\\src\\Illuminate\\Routing\\Pipeline.php(53): Illuminate\\Pipeline\\Pipeline->Illuminate\\Pipeline\\{closure}(Object(Illuminate\\Http\\Request))
#34 E:\\Workspace\\Laravel\\Picket\\vendor\\laravel\\framework\\src\\Illuminate\\Session\\Middleware\\StartSession.php(56): Illuminate\\Routing\\Pipeline->Illuminate\\Routing\\{closure}(Object(Illuminate\\Http\\Request))
#35 E:\\Workspace\\Laravel\\Picket\\vendor\\laravel\\framework\\src\\Illuminate\\Pipeline\\Pipeline.php(163): Illuminate\\Session\\Middleware\\StartSession->handle(Object(Illuminate\\Http\\Request), Object(Closure))
#36 E:\\Workspace\\Laravel\\Picket\\vendor\\laravel\\framework\\src\\Illuminate\\Routing\\Pipeline.php(53): Illuminate\\Pipeline\\Pipeline->Illuminate\\Pipeline\\{closure}(Object(Illuminate\\Http\\Request))
#37 E:\\Workspace\\Laravel\\Picket\\vendor\\fideloper\\proxy\\src\\TrustProxies.php(57): Illuminate\\Routing\\Pipeline->Illuminate\\Routing\\{closure}(Object(Illuminate\\Http\\Request))
#38 E:\\Workspace\\Laravel\\Picket\\vendor\\laravel\\framework\\src\\Illuminate\\Pipeline\\Pipeline.php(163): Fideloper\\Proxy\\TrustProxies->handle(Object(Illuminate\\Http\\Request), Object(Closure))
#39 E:\\Workspace\\Laravel\\Picket\\vendor\\laravel\\framework\\src\\Illuminate\\Routing\\Pipeline.php(53): Illuminate\\Pipeline\\Pipeline->Illuminate\\Pipeline\\{closure}(Object(Illuminate\\Http\\Request))
#40 E:\\Workspace\\Laravel\\Picket\\vendor\\laravel\\framework\\src\\Illuminate\\Foundation\\Http\\Middleware\\TransformsRequest.php(21): Illuminate\\Routing\\Pipeline->Illuminate\\Routing\\{closure}(Object(Illuminate\\Http\\Request))
#41 E:\\Workspace\\Laravel\\Picket\\vendor\\laravel\\framework\\src\\Illuminate\\Pipeline\\Pipeline.php(163): Illuminate\\Foundation\\Http\\Middleware\\TransformsRequest->handle(Object(Illuminate\\Http\\Request), Object(Closure))
#42 E:\\Workspace\\Laravel\\Picket\\vendor\\laravel\\framework\\src\\Illuminate\\Routing\\Pipeline.php(53): Illuminate\\Pipeline\\Pipeline->Illuminate\\Pipeline\\{closure}(Object(Illuminate\\Http\\Request))
#43 E:\\Workspace\\Laravel\\Picket\\vendor\\laravel\\framework\\src\\Illuminate\\Foundation\\Http\\Middleware\\TransformsRequest.php(21): Illuminate\\Routing\\Pipeline->Illuminate\\Routing\\{closure}(Object(Illuminate\\Http\\Request))
#44 E:\\Workspace\\Laravel\\Picket\\vendor\\laravel\\framework\\src\\Illuminate\\Pipeline\\Pipeline.php(163): Illuminate\\Foundation\\Http\\Middleware\\TransformsRequest->handle(Object(Illuminate\\Http\\Request), Object(Closure))
#45 E:\\Workspace\\Laravel\\Picket\\vendor\\laravel\\framework\\src\\Illuminate\\Routing\\Pipeline.php(53): Illuminate\\Pipeline\\Pipeline->Illuminate\\Pipeline\\{closure}(Object(Illuminate\\Http\\Request))
#46 E:\\Workspace\\Laravel\\Picket\\vendor\\laravel\\framework\\src\\Illuminate\\Foundation\\Http\\Middleware\\ValidatePostSize.php(27): Illuminate\\Routing\\Pipeline->Illuminate\\Routing\\{closure}(Object(Illuminate\\Http\\Request))
#47 E:\\Workspace\\Laravel\\Picket\\vendor\\laravel\\framework\\src\\Illuminate\\Pipeline\\Pipeline.php(163): Illuminate\\Foundation\\Http\\Middleware\\ValidatePostSize->handle(Object(Illuminate\\Http\\Request), Object(Closure))
#48 E:\\Workspace\\Laravel\\Picket\\vendor\\laravel\\framework\\src\\Illuminate\\Routing\\Pipeline.php(53): Illuminate\\Pipeline\\Pipeline->Illuminate\\Pipeline\\{closure}(Object(Illuminate\\Http\\Request))
#49 E:\\Workspace\\Laravel\\Picket\\vendor\\laravel\\framework\\src\\Illuminate\\Foundation\\Http\\Middleware\\CheckForMaintenanceMode.php(62): Illuminate\\Routing\\Pipeline->Illuminate\\Routing\\{closure}(Object(Illuminate\\Http\\Request))
#50 E:\\Workspace\\Laravel\\Picket\\vendor\\laravel\\framework\\src\\Illuminate\\Pipeline\\Pipeline.php(163): Illuminate\\Foundation\\Http\\Middleware\\CheckForMaintenanceMode->handle(Object(Illuminate\\Http\\Request), Object(Closure))
#51 E:\\Workspace\\Laravel\\Picket\\vendor\\laravel\\framework\\src\\Illuminate\\Routing\\Pipeline.php(53): Illuminate\\Pipeline\\Pipeline->Illuminate\\Pipeline\\{closure}(Object(Illuminate\\Http\\Request))
#52 E:\\Workspace\\Laravel\\Picket\\vendor\\laravel\\framework\\src\\Illuminate\\Pipeline\\Pipeline.php(104): Illuminate\\Routing\\Pipeline->Illuminate\\Routing\\{closure}(Object(Illuminate\\Http\\Request))
#53 E:\\Workspace\\Laravel\\Picket\\vendor\\laravel\\framework\\src\\Illuminate\\Foundation\\Http\\Kernel.php(151): Illuminate\\Pipeline\\Pipeline->then(Object(Closure))
#54 E:\\Workspace\\Laravel\\Picket\\vendor\\laravel\\framework\\src\\Illuminate\\Foundation\\Http\\Kernel.php(116): Illuminate\\Foundation\\Http\\Kernel->sendRequestThroughRouter(Object(Illuminate\\Http\\Request))
#55 E:\\Workspace\\Laravel\\Picket\\public\\index.php(55): Illuminate\\Foundation\\Http\\Kernel->handle(Object(Illuminate\\Http\\Request))
#56 E:\\Workspace\\Laravel\\Picket\\server.php(17): require_once('E:\\\\Workspace\\\\La...')
#57 {main}
"} 
[2019-06-04 12:04:27] local.ERROR: JWT does not contain the required claims {"exception":"[object] (Tymon\\JWTAuth\\Exceptions\\TokenInvalidException(code: 0): JWT does not contain the required claims at E:\\Workspace\\Laravel\\Picket\\vendor\\tymon\\jwt-auth\\src\\Validators\\Validator.php:38)
[stacktrace]
#0 E:\\Workspace\\Laravel\\Picket\\vendor\\tymon\\jwt-auth\\src\\Validators\\PayloadValidator.php(38): Tymon\\JWTAuth\\Validators\\Validator::throwFailed('JWT does not co...')
#1 E:\\Workspace\\Laravel\\Picket\\vendor\\tymon\\jwt-auth\\src\\Factory.php(43): Tymon\\JWTAuth\\Validators\\PayloadValidator::check(Object(Tymon\\JWTAuth\\Claims\\Collection), Object(Tymon\\JWTAuth\\Options))
#2 E:\\Workspace\\Laravel\\Picket\\vendor\\tymon\\jwt-auth\\src\\Builder.php(98): Tymon\\JWTAuth\\Factory::make(Object(Tymon\\JWTAuth\\Claims\\Collection), Object(Tymon\\JWTAuth\\Options))
#3 E:\\Workspace\\Laravel\\Picket\\vendor\\tymon\\jwt-auth\\src\\Builder.php(107): Tymon\\JWTAuth\\Builder->make(Array)
#4 E:\\Workspace\\Laravel\\Picket\\vendor\\tymon\\jwt-auth\\src\\Manager.php(124): Tymon\\JWTAuth\\Builder->makeForSubject(Object(App\\Model\\User), Array)
#5 E:\\Workspace\\Laravel\\Picket\\vendor\\tymon\\jwt-auth\\src\\JWT.php(72): Tymon\\JWTAuth\\Manager->tokenForSubject(Object(App\\Model\\User), Array)
#6 E:\\Workspace\\Laravel\\Picket\\vendor\\tymon\\jwt-auth\\src\\JWT.php(80): Tymon\\JWTAuth\\JWT->fromSubject(Object(App\\Model\\User))
#7 E:\\Workspace\\Laravel\\Picket\\vendor\\tymon\\jwt-auth\\src\\JWTGuard.php(137): Tymon\\JWTAuth\\JWT->fromUser(Object(App\\Model\\User))
#8 E:\\Workspace\\Laravel\\Picket\\vendor\\tymon\\jwt-auth\\src\\JWTGuard.php(124): Tymon\\JWTAuth\\JWTGuard->login(Object(App\\Model\\User))
#9 E:\\Workspace\\Laravel\\Picket\\vendor\\laravel\\framework\\src\\Illuminate\\Auth\\AuthManager.php(297): Tymon\\JWTAuth\\JWTGuard->attempt(Array)
#10 E:\\Workspace\\Laravel\\Picket\\app\\Http\\Controllers\\JWTAuthController.php(30): Illuminate\\Auth\\AuthManager->__call('attempt', Array)
#11 [internal function]: App\\Http\\Controllers\\JWTAuthController->login()
#12 E:\\Workspace\\Laravel\\Picket\\vendor\\laravel\\framework\\src\\Illuminate\\Routing\\Controller.php(54): call_user_func_array(Array, Array)
#13 E:\\Workspace\\Laravel\\Picket\\vendor\\laravel\\framework\\src\\Illuminate\\Routing\\ControllerDispatcher.php(45): Illuminate\\Routing\\Controller->callAction('login', Array)
#14 E:\\Workspace\\Laravel\\Picket\\vendor\\laravel\\framework\\src\\Illuminate\\Routing\\Route.php(219): Illuminate\\Routing\\ControllerDispatcher->dispatch(Object(Illuminate\\Routing\\Route), Object(App\\Http\\Controllers\\JWTAuthController), 'login')
#15 E:\\Workspace\\Laravel\\Picket\\vendor\\laravel\\framework\\src\\Illuminate\\Routing\\Route.php(176): Illuminate\\Routing\\Route->runController()
#16 E:\\Workspace\\Laravel\\Picket\\vendor\\laravel\\framework\\src\\Illuminate\\Routing\\Router.php(680): Illuminate\\Routing\\Route->run()
#17 E:\\Workspace\\Laravel\\Picket\\vendor\\laravel\\framework\\src\\Illuminate\\Routing\\Pipeline.php(30): Illuminate\\Routing\\Router->Illuminate\\Routing\\{closure}(Object(Illuminate\\Http\\Request))
#18 E:\\Workspace\\Laravel\\Picket\\vendor\\laravel\\framework\\src\\Illuminate\\Routing\\Middleware\\SubstituteBindings.php(41): Illuminate\\Routing\\Pipeline->Illuminate\\Routing\\{closure}(Object(Illuminate\\Http\\Request))
#19 E:\\Workspace\\Laravel\\Picket\\vendor\\laravel\\framework\\src\\Illuminate\\Pipeline\\Pipeline.php(163): Illuminate\\Routing\\Middleware\\SubstituteBindings->handle(Object(Illuminate\\Http\\Request), Object(Closure))
#20 E:\\Workspace\\Laravel\\Picket\\vendor\\laravel\\framework\\src\\Illuminate\\Routing\\Pipeline.php(53): Illuminate\\Pipeline\\Pipeline->Illuminate\\Pipeline\\{closure}(Object(Illuminate\\Http\\Request))
#21 E:\\Workspace\\Laravel\\Picket\\vendor\\laravel\\framework\\src\\Illuminate\\Routing\\Middleware\\ThrottleRequests.php(58): Illuminate\\Routing\\Pipeline->Illuminate\\Routing\\{closure}(Object(Illuminate\\Http\\Request))
#22 E:\\Workspace\\Laravel\\Picket\\vendor\\laravel\\framework\\src\\Illuminate\\Pipeline\\Pipeline.php(163): Illuminate\\Routing\\Middleware\\ThrottleRequests->handle(Object(Illuminate\\Http\\Request), Object(Closure), 60, '1')
#23 E:\\Workspace\\Laravel\\Picket\\vendor\\laravel\\framework\\src\\Illuminate\\Routing\\Pipeline.php(53): Illuminate\\Pipeline\\Pipeline->Illuminate\\Pipeline\\{closure}(Object(Illuminate\\Http\\Request))
#24 E:\\Workspace\\Laravel\\Picket\\vendor\\laravel\\framework\\src\\Illuminate\\Pipeline\\Pipeline.php(104): Illuminate\\Routing\\Pipeline->Illuminate\\Routing\\{closure}(Object(Illuminate\\Http\\Request))
#25 E:\\Workspace\\Laravel\\Picket\\vendor\\laravel\\framework\\src\\Illuminate\\Routing\\Router.php(682): Illuminate\\Pipeline\\Pipeline->then(Object(Closure))
#26 E:\\Workspace\\Laravel\\Picket\\vendor\\laravel\\framework\\src\\Illuminate\\Routing\\Router.php(657): Illuminate\\Routing\\Router->runRouteWithinStack(Object(Illuminate\\Routing\\Route), Object(Illuminate\\Http\\Request))
#27 E:\\Workspace\\Laravel\\Picket\\vendor\\laravel\\framework\\src\\Illuminate\\Routing\\Router.php(623): Illuminate\\Routing\\Router->runRoute(Object(Illuminate\\Http\\Request), Object(Illuminate\\Routing\\Route))
#28 E:\\Workspace\\Laravel\\Picket\\vendor\\laravel\\framework\\src\\Illuminate\\Routing\\Router.php(612): Illuminate\\Routing\\Router->dispatchToRoute(Object(Illuminate\\Http\\Request))
#29 E:\\Workspace\\Laravel\\Picket\\vendor\\laravel\\framework\\src\\Illuminate\\Foundation\\Http\\Kernel.php(176): Illuminate\\Routing\\Router->dispatch(Object(Illuminate\\Http\\Request))
#30 E:\\Workspace\\Laravel\\Picket\\vendor\\laravel\\framework\\src\\Illuminate\\Routing\\Pipeline.php(30): Illuminate\\Foundation\\Http\\Kernel->Illuminate\\Foundation\\Http\\{closure}(Object(Illuminate\\Http\\Request))
#31 E:\\Workspace\\Laravel\\Picket\\vendor\\laravel\\framework\\src\\Illuminate\\View\\Middleware\\ShareErrorsFromSession.php(49): Illuminate\\Routing\\Pipeline->Illuminate\\Routing\\{closure}(Object(Illuminate\\Http\\Request))
#32 E:\\Workspace\\Laravel\\Picket\\vendor\\laravel\\framework\\src\\Illuminate\\Pipeline\\Pipeline.php(163): Illuminate\\View\\Middleware\\ShareErrorsFromSession->handle(Object(Illuminate\\Http\\Request), Object(Closure))
#33 E:\\Workspace\\Laravel\\Picket\\vendor\\laravel\\framework\\src\\Illuminate\\Routing\\Pipeline.php(53): Illuminate\\Pipeline\\Pipeline->Illuminate\\Pipeline\\{closure}(Object(Illuminate\\Http\\Request))
#34 E:\\Workspace\\Laravel\\Picket\\vendor\\laravel\\framework\\src\\Illuminate\\Session\\Middleware\\StartSession.php(56): Illuminate\\Routing\\Pipeline->Illuminate\\Routing\\{closure}(Object(Illuminate\\Http\\Request))
#35 E:\\Workspace\\Laravel\\Picket\\vendor\\laravel\\framework\\src\\Illuminate\\Pipeline\\Pipeline.php(163): Illuminate\\Session\\Middleware\\StartSession->handle(Object(Illuminate\\Http\\Request), Object(Closure))
#36 E:\\Workspace\\Laravel\\Picket\\vendor\\laravel\\framework\\src\\Illuminate\\Routing\\Pipeline.php(53): Illuminate\\Pipeline\\Pipeline->Illuminate\\Pipeline\\{closure}(Object(Illuminate\\Http\\Request))
#37 E:\\Workspace\\Laravel\\Picket\\vendor\\fideloper\\proxy\\src\\TrustProxies.php(57): Illuminate\\Routing\\Pipeline->Illuminate\\Routing\\{closure}(Object(Illuminate\\Http\\Request))
#38 E:\\Workspace\\Laravel\\Picket\\vendor\\laravel\\framework\\src\\Illuminate\\Pipeline\\Pipeline.php(163): Fideloper\\Proxy\\TrustProxies->handle(Object(Illuminate\\Http\\Request), Object(Closure))
#39 E:\\Workspace\\Laravel\\Picket\\vendor\\laravel\\framework\\src\\Illuminate\\Routing\\Pipeline.php(53): Illuminate\\Pipeline\\Pipeline->Illuminate\\Pipeline\\{closure}(Object(Illuminate\\Http\\Request))
#40 E:\\Workspace\\Laravel\\Picket\\vendor\\laravel\\framework\\src\\Illuminate\\Foundation\\Http\\Middleware\\TransformsRequest.php(21): Illuminate\\Routing\\Pipeline->Illuminate\\Routing\\{closure}(Object(Illuminate\\Http\\Request))
#41 E:\\Workspace\\Laravel\\Picket\\vendor\\laravel\\framework\\src\\Illuminate\\Pipeline\\Pipeline.php(163): Illuminate\\Foundation\\Http\\Middleware\\TransformsRequest->handle(Object(Illuminate\\Http\\Request), Object(Closure))
#42 E:\\Workspace\\Laravel\\Picket\\vendor\\laravel\\framework\\src\\Illuminate\\Routing\\Pipeline.php(53): Illuminate\\Pipeline\\Pipeline->Illuminate\\Pipeline\\{closure}(Object(Illuminate\\Http\\Request))
#43 E:\\Workspace\\Laravel\\Picket\\vendor\\laravel\\framework\\src\\Illuminate\\Foundation\\Http\\Middleware\\TransformsRequest.php(21): Illuminate\\Routing\\Pipeline->Illuminate\\Routing\\{closure}(Object(Illuminate\\Http\\Request))
#44 E:\\Workspace\\Laravel\\Picket\\vendor\\laravel\\framework\\src\\Illuminate\\Pipeline\\Pipeline.php(163): Illuminate\\Foundation\\Http\\Middleware\\TransformsRequest->handle(Object(Illuminate\\Http\\Request), Object(Closure))
#45 E:\\Workspace\\Laravel\\Picket\\vendor\\laravel\\framework\\src\\Illuminate\\Routing\\Pipeline.php(53): Illuminate\\Pipeline\\Pipeline->Illuminate\\Pipeline\\{closure}(Object(Illuminate\\Http\\Request))
#46 E:\\Workspace\\Laravel\\Picket\\vendor\\laravel\\framework\\src\\Illuminate\\Foundation\\Http\\Middleware\\ValidatePostSize.php(27): Illuminate\\Routing\\Pipeline->Illuminate\\Routing\\{closure}(Object(Illuminate\\Http\\Request))
#47 E:\\Workspace\\Laravel\\Picket\\vendor\\laravel\\framework\\src\\Illuminate\\Pipeline\\Pipeline.php(163): Illuminate\\Foundation\\Http\\Middleware\\ValidatePostSize->handle(Object(Illuminate\\Http\\Request), Object(Closure))
#48 E:\\Workspace\\Laravel\\Picket\\vendor\\laravel\\framework\\src\\Illuminate\\Routing\\Pipeline.php(53): Illuminate\\Pipeline\\Pipeline->Illuminate\\Pipeline\\{closure}(Object(Illuminate\\Http\\Request))
#49 E:\\Workspace\\Laravel\\Picket\\vendor\\laravel\\framework\\src\\Illuminate\\Foundation\\Http\\Middleware\\CheckForMaintenanceMode.php(62): Illuminate\\Routing\\Pipeline->Illuminate\\Routing\\{closure}(Object(Illuminate\\Http\\Request))
#50 E:\\Workspace\\Laravel\\Picket\\vendor\\laravel\\framework\\src\\Illuminate\\Pipeline\\Pipeline.php(163): Illuminate\\Foundation\\Http\\Middleware\\CheckForMaintenanceMode->handle(Object(Illuminate\\Http\\Request), Object(Closure))
#51 E:\\Workspace\\Laravel\\Picket\\vendor\\laravel\\framework\\src\\Illuminate\\Routing\\Pipeline.php(53): Illuminate\\Pipeline\\Pipeline->Illuminate\\Pipeline\\{closure}(Object(Illuminate\\Http\\Request))
#52 E:\\Workspace\\Laravel\\Picket\\vendor\\laravel\\framework\\src\\Illuminate\\Pipeline\\Pipeline.php(104): Illuminate\\Routing\\Pipeline->Illuminate\\Routing\\{closure}(Object(Illuminate\\Http\\Request))
#53 E:\\Workspace\\Laravel\\Picket\\vendor\\laravel\\framework\\src\\Illuminate\\Foundation\\Http\\Kernel.php(151): Illuminate\\Pipeline\\Pipeline->then(Object(Closure))
#54 E:\\Workspace\\Laravel\\Picket\\vendor\\laravel\\framework\\src\\Illuminate\\Foundation\\Http\\Kernel.php(116): Illuminate\\Foundation\\Http\\Kernel->sendRequestThroughRouter(Object(Illuminate\\Http\\Request))
#55 E:\\Workspace\\Laravel\\Picket\\public\\index.php(55): Illuminate\\Foundation\\Http\\Kernel->handle(Object(Illuminate\\Http\\Request))
#56 E:\\Workspace\\Laravel\\Picket\\server.php(17): require_once('E:\\\\Workspace\\\\La...')
#57 {main}
"} 
